Log file open, 05/26/24 14:33:48
LogWindows: Failed to load 'aqProf.dll' (GetLastError=126)
LogWindows: File 'aqProf.dll' does not exist
LogWindows: Failed to load 'VtuneApi.dll' (GetLastError=126)
LogWindows: File 'VtuneApi.dll' does not exist
LogWindows: Failed to load 'VtuneApi32e.dll' (GetLastError=126)
LogWindows: File 'VtuneApi32e.dll' does not exist
LogConsoleResponse: Display: Failed to find resolution value strings in scalability ini. Falling back to default.
LogConsoleResponse: Display: Failed to find resolution value strings in scalability ini. Falling back to default.
LogInit: Display: Running engine for game: JungleProject
LogPlatformFile: Not using cached read wrapper
LogTaskGraph: Started task graph with 5 named threads and 35 total threads with 3 sets of task threads.
LogStats: Stats thread started at 0.185382
LogICUInternationalization: ICU TimeZone Detection - Raw Offset: +3:30, Platform Override: ''
LogInit: Display: Loading text-based GConfig....
LogPluginManager: Mounting plugin MeshPainting
LogPluginManager: Mounting plugin XGEController
LogPluginManager: Mounting plugin Paper2D
LogPluginManager: Mounting plugin AISupport
LogPluginManager: Mounting plugin EnvironmentQueryEditor
LogPluginManager: Mounting plugin LightPropagationVolume
LogPluginManager: Mounting plugin GameplayCameras
LogPluginManager: Mounting plugin CameraShakePreviewer
LogPluginManager: Mounting plugin LiveLink
LogPluginManager: Mounting plugin OodleNetwork
LogPluginManager: Mounting plugin CLionSourceCodeAccess
LogPluginManager: Mounting plugin AnimationSharing
LogPluginManager: Mounting plugin OodleData
LogPluginManager: Mounting plugin CodeLiteSourceCodeAccess
LogPluginManager: Mounting plugin KDevelopSourceCodeAccess
LogPluginManager: Mounting plugin NullSourceCodeAccess
LogPluginManager: Mounting plugin PixWinPlugin
LogPluginManager: Mounting plugin PropertyAccessNode
LogPluginManager: Mounting plugin GitSourceControl
LogPluginManager: Mounting plugin PerforceSourceControl
LogPluginManager: Mounting plugin PlasticSourceControl
LogPluginManager: Mounting plugin PluginUtils
LogPluginManager: Mounting plugin RiderSourceCodeAccess
LogPluginManager: Mounting plugin TextureFormatOodle
LogPluginManager: Mounting plugin VisualStudioCodeSourceCodeAccess
LogPluginManager: Mounting plugin UObjectPlugin
LogPluginManager: Mounting plugin VisualStudioSourceCodeAccess
LogPluginManager: Mounting plugin SubversionSourceControl
LogPluginManager: Mounting plugin XCodeSourceCodeAccess
LogPluginManager: Mounting plugin AssetManagerEditor
LogPluginManager: Mounting plugin CryptoKeys
LogPluginManager: Mounting plugin FacialAnimation
LogPluginManager: Mounting plugin GeometryMode
LogPluginManager: Mounting plugin GameplayTagsEditor
LogPluginManager: Mounting plugin MacGraphicsSwitching
LogPluginManager: Mounting plugin CurveEditorTools
LogPluginManager: Mounting plugin MaterialAnalyzer
LogPluginManager: Mounting plugin DataValidation
LogPluginManager: Mounting plugin PluginBrowser
LogPluginManager: Mounting plugin MobileLauncherProfileWizard
LogPluginManager: Mounting plugin SpeedTreeImporter
LogPluginManager: Mounting plugin DatasmithContent
LogPluginManager: Mounting plugin VariantManagerContent
LogPluginManager: Mounting plugin AlembicImporter
LogPluginManager: Mounting plugin AutomationUtils
LogPluginManager: Mounting plugin BackChannel
LogPluginManager: Mounting plugin ChaosClothEditor
LogPluginManager: Mounting plugin ChaosCloth
LogPluginManager: Mounting plugin ChaosEditor
LogPluginManager: Mounting plugin ChaosSolverPlugin
LogPluginManager: Mounting plugin ChaosNiagara
LogPluginManager: Mounting plugin CharacterAI
LogPluginManager: Mounting plugin GeometryCache
LogPluginManager: Mounting plugin GeometryCollectionPlugin
LogPluginManager: Mounting plugin Niagara
LogPluginManager: Mounting plugin GeometryProcessing
LogPluginManager: Mounting plugin OpenImageDenoise
LogPluginManager: Mounting plugin MotoSynth
LogPluginManager: Mounting plugin PlanarCut
LogPluginManager: Mounting plugin PlatformCrypto
LogPluginManager: Mounting plugin ProxyLODPlugin
LogPluginManager: Mounting plugin PythonScriptPlugin
LogPluginManager: Mounting plugin SkeletalReduction
LogPluginManager: Mounting plugin LuminPlatformFeatures
LogPluginManager: Mounting plugin MagicLeap
LogPluginManager: Mounting plugin MagicLeapLightEstimation
LogPluginManager: Mounting plugin MagicLeapMedia
LogPluginManager: Mounting plugin MagicLeapPassableWorld
LogPluginManager: Mounting plugin MLSDK
LogPluginManager: Mounting plugin AndroidMedia
LogPluginManager: Mounting plugin AvfMedia
LogPluginManager: Mounting plugin ImgMedia
LogPluginManager: Mounting plugin MediaCompositing
LogPluginManager: Mounting plugin MediaPlayerEditor
LogPluginManager: Mounting plugin WebMMedia
LogPluginManager: Mounting plugin WmfMedia
LogPluginManager: Mounting plugin ActorSequence
LogPluginManager: Mounting plugin TcpMessaging
LogPluginManager: Mounting plugin UdpMessaging
LogPluginManager: Mounting plugin MatineeToLevelSequence
LogPluginManager: Mounting plugin LevelSequenceEditor
LogPluginManager: Mounting plugin TemplateSequence
LogPluginManager: Mounting plugin OnlineSubsystemNull
LogPluginManager: Mounting plugin OnlineSubsystemUtils
LogPluginManager: Mounting plugin LauncherChunkInstaller
LogPluginManager: Mounting plugin ActorLayerUtilities
LogPluginManager: Mounting plugin AndroidMoviePlayer
LogPluginManager: Mounting plugin AndroidPermission
LogPluginManager: Mounting plugin AndroidDeviceProfileSelector
LogPluginManager: Mounting plugin AppleImageUtils
LogPluginManager: Mounting plugin AppleMoviePlayer
LogPluginManager: Mounting plugin ArchVisCharacter
LogPluginManager: Mounting plugin AssetTags
LogPluginManager: Mounting plugin AudioCapture
LogPluginManager: Mounting plugin AudioSynesthesia
LogPluginManager: Mounting plugin CableComponent
LogPluginManager: Mounting plugin ChunkDownloader
LogPluginManager: Mounting plugin CustomMeshComponent
LogPluginManager: Mounting plugin EditableMesh
LogPluginManager: Mounting plugin GoogleCloudMessaging
LogPluginManager: Mounting plugin OnlineSubsystem
LogPluginManager: Mounting plugin GooglePAD
LogPluginManager: Mounting plugin ExampleDeviceProfileSelector
LogPluginManager: Mounting plugin ScreenshotTools
LogPluginManager: Mounting plugin IOSDeviceProfileSelector
LogPluginManager: Mounting plugin LinuxDeviceProfileSelector
LogPluginManager: Mounting plugin LocationServicesBPLibrary
LogPluginManager: Mounting plugin MobilePatchingUtils
LogPluginManager: Mounting plugin OpenXREyeTracker
LogPluginManager: Mounting plugin OpenXRHandTracking
LogPluginManager: Mounting plugin OpenXR
LogPluginManager: Mounting plugin PostSplashScreen
LogPluginManager: Mounting plugin ProceduralMeshComponent
LogPluginManager: Mounting plugin PropertyAccessEditor
LogPluginManager: Mounting plugin RuntimePhysXCooking
LogPluginManager: Mounting plugin SignificanceManager
LogPluginManager: Mounting plugin SoundFields
LogPluginManager: Mounting plugin Synthesis
LogPluginManager: Mounting plugin WebMMoviePlayer
LogPluginManager: Mounting plugin WindowsMoviePlayer
LogPluginManager: Mounting plugin PhysXVehicles
LogPluginManager: Mounting plugin Takes
LogPluginManager: Mounting plugin ContentBrowserAssetDataSource
LogPluginManager: Mounting plugin ContentBrowserFileDataSource
LogPluginManager: Mounting plugin ContentBrowserClassDataSource
LogPluginManager: Mounting plugin OnlineSubsystemGooglePlay
LogPluginManager: Mounting plugin OnlineSubsystemIOS
LogPluginManager: Mounting plugin OculusVR
LogPluginManager: Mounting plugin SteamVR
PixWinPlugin: PIX capture plugin failed to initialize! Check that the process is launched from PIX.
LogInit: Using libcurl 7.55.1-DEV
LogInit:  - built for x86_64-pc-win32
LogInit:  - supports SSL with OpenSSL/1.1.1
LogInit:  - supports HTTP deflate (compression) using libz 1.2.8
LogInit:  - other features:
LogInit:      CURL_VERSION_SSL
LogInit:      CURL_VERSION_LIBZ
LogInit:      CURL_VERSION_IPV6
LogInit:      CURL_VERSION_ASYNCHDNS
LogInit:      CURL_VERSION_LARGEFILE
LogInit:      CURL_VERSION_IDN
LogInit:  CurlRequestOptions (configurable via config and command line):
LogInit:  - bVerifyPeer = true  - Libcurl will verify peer certificate
LogInit:  - bUseHttpProxy = false  - Libcurl will NOT use HTTP proxy
LogInit:  - bDontReuseConnections = false  - Libcurl will reuse connections
LogInit:  - MaxHostConnections = 16  - Libcurl will limit the number of connections to a host
LogInit:  - LocalHostAddr = Default
LogInit:  - BufferSize = 65536
LogOnline: OSS: Creating online subsystem instance for: NULL
LogInit: WinSock: version 1.1 (2.2), MaxSocks=32767, MaxUdp=65467
LogOnline: OSS: TryLoadSubsystemAndSetDefault: Loaded subsystem for module [NULL]
LogOculusPluginWrapper: OculusPlugin initialized successfully
LogHMD: Failed initializing OVRPlugin 1.59.0
LogInit: Build: ++UE4+Release-4.27-CL-18319896
LogInit: Engine Version: 4.27.2-18319896+++UE4+Release-4.27
LogInit: Compatible Engine Version: 4.27.0-17155196+++UE4+Release-4.27
LogInit: Net CL: 17155196
LogInit: OS: Windows 10 (Release 2009) (), CPU: 11th Gen Intel(R) Core(TM) i5-11400H @ 2.70GHz, GPU: Intel(R) UHD Graphics
LogInit: Compiled (64-bit): Nov 30 2021 07:12:08
LogInit: Compiled with Visual C++: 19.24.28315.00
LogInit: Build Configuration: Development
LogInit: Branch Name: ++UE4+Release-4.27
LogInit: Command Line: 
LogInit: Base Directory: D:/4.27/UE_4.27/UE_4.27/UE_4.27/Engine/Binaries/Win64/
LogInit: Allocator: TBB
LogInit: Installed Engine Build: 1
LogDevObjectVersion: Number of dev versions registered: 29
LogDevObjectVersion:   Dev-Blueprints (B0D832E4-1F89-4F0D-ACCF-7EB736FD4AA2): 10
LogDevObjectVersion:   Dev-Build (E1C64328-A22C-4D53-A36C-8E866417BD8C): 0
LogDevObjectVersion:   Dev-Core (375EC13C-06E4-48FB-B500-84F0262A717E): 4
LogDevObjectVersion:   Dev-Editor (E4B068ED-F494-42E9-A231-DA0B2E46BB41): 40
LogDevObjectVersion:   Dev-Framework (CFFC743F-43B0-4480-9391-14DF171D2073): 37
LogDevObjectVersion:   Dev-Mobile (B02B49B5-BB20-44E9-A304-32B752E40360): 3
LogDevObjectVersion:   Dev-Networking (A4E4105C-59A1-49B5-A7C5-40C4547EDFEE): 0
LogDevObjectVersion:   Dev-Online (39C831C9-5AE6-47DC-9A44-9C173E1C8E7C): 0
LogDevObjectVersion:   Dev-Physics (78F01B33-EBEA-4F98-B9B4-84EACCB95AA2): 14
LogDevObjectVersion:   Dev-Platform (6631380F-2D4D-43E0-8009-CF276956A95A): 0
LogDevObjectVersion:   Dev-Rendering (12F88B9F-8875-4AFC-A67C-D90C383ABD29): 45
LogDevObjectVersion:   Dev-Sequencer (7B5AE74C-D270-4C10-A958-57980B212A5A): 13
LogDevObjectVersion:   Dev-VR (D7296918-1DD6-4BDD-9DE2-64A83CC13884): 3
LogDevObjectVersion:   Dev-LoadTimes (C2A15278-BFE7-4AFE-6C17-90FF531DF755): 1
LogDevObjectVersion:   Private-Geometry (6EACA3D4-40EC-4CC1-B786-8BED09428FC5): 3
LogDevObjectVersion:   Dev-AnimPhys (29E575DD-E0A3-4627-9D10-D276232CDCEA): 17
LogDevObjectVersion:   Dev-Anim (AF43A65D-7FD3-4947-9873-3E8ED9C1BB05): 15
LogDevObjectVersion:   Dev-ReflectionCapture (6B266CEC-1EC7-4B8F-A30B-E4D90942FC07): 1
LogDevObjectVersion:   Dev-Automation (0DF73D61-A23F-47EA-B727-89E90C41499A): 1
LogDevObjectVersion:   FortniteMain (601D1886-AC64-4F84-AA16-D3DE0DEAC7D6): 47
LogDevObjectVersion:   FortniteRelease (E7086368-6B23-4C58-8439-1B7016265E91): 1
LogDevObjectVersion:   Dev-Enterprise (9DFFBCD6-494F-0158-E221-12823C92A888): 10
LogDevObjectVersion:   Dev-Niagara (F2AED0AC-9AFE-416F-8664-AA7FFA26D6FC): 1
LogDevObjectVersion:   Dev-Destruction (174F1F0B-B4C6-45A5-B13F-2EE8D0FB917D): 10
LogDevObjectVersion:   Dev-Physics-Ext (35F94A83-E258-406C-A318-09F59610247C): 41
LogDevObjectVersion:   Dev-PhysicsMaterial-Chaos (B68FC16E-8B1B-42E2-B453-215C058844FE): 1
LogDevObjectVersion:   Dev-CineCamera (B2E18506-4273-CFC2-A54E-F4BB758BBA07): 1
LogDevObjectVersion:   Dev-VirtualProduction (64F58936-FD1B-42BA-BA96-7289D5D0FA4E): 1
LogDevObjectVersion:   Dev-MediaFramework (6F0ED827-A609-4895-9C91-998D90180EA4): 2
LogInit: Presizing for max 25165824 objects, including 0 objects not considered by GC, pre-allocating 0 bytes for permanent pool.
LogConfig: Applying CVar settings from Section [/Script/Engine.StreamingSettings] File [D:/UNREAL/UniversityGame/ForestProject/JungleProject/Saved/Config/Windows/Engine.ini]
LogConfig: Setting CVar [[s.MinBulkDataSizeForAsyncLoading:131072]]
LogConfig: Setting CVar [[s.AsyncLoadingThreadEnabled:0]]
LogConfig: Setting CVar [[s.EventDrivenLoaderEnabled:1]]
LogConfig: Setting CVar [[s.WarnIfTimeLimitExceeded:0]]
LogConfig: Setting CVar [[s.TimeLimitExceededMultiplier:1.5]]
LogConfig: Setting CVar [[s.TimeLimitExceededMinTime:0.005]]
LogConfig: Setting CVar [[s.UseBackgroundLevelStreaming:1]]
LogConfig: Setting CVar [[s.PriorityAsyncLoadingExtraTime:15.0]]
LogConfig: Setting CVar [[s.LevelStreamingActorsUpdateTimeLimit:5.0]]
LogConfig: Setting CVar [[s.PriorityLevelStreamingActorsUpdateExtraTime:5.0]]
LogConfig: Setting CVar [[s.LevelStreamingComponentsRegistrationGranularity:10]]
LogConfig: Setting CVar [[s.UnregisterComponentsTimeLimit:1.0]]
LogConfig: Setting CVar [[s.LevelStreamingComponentsUnregistrationGranularity:5]]
LogConfig: Setting CVar [[s.FlushStreamingOnExit:1]]
LogInit: Object subsystem initialized
LogConfig: Setting CVar [[con.DebugEarlyDefault:1]]
LogConfig: Setting CVar [[r.setres:1280x720]]
[2024.05.26-11.03.48:548][  0]LogConfig: Setting CVar [[r.VSync:0]]
[2024.05.26-11.03.48:548][  0]LogConfig: Setting CVar [[r.RHICmdBypass:0]]
[2024.05.26-11.03.48:548][  0]LogConfig: Applying CVar settings from Section [/Script/Engine.RendererSettings] File [D:/UNREAL/UniversityGame/ForestProject/JungleProject/Saved/Config/Windows/Engine.ini]
[2024.05.26-11.03.48:548][  0]LogConfig: Setting CVar [[r.GPUCrashDebugging:0]]
[2024.05.26-11.03.48:548][  0]LogConfig: Applying CVar settings from Section [/Script/Engine.RendererOverrideSettings] File [D:/UNREAL/UniversityGame/ForestProject/JungleProject/Saved/Config/Windows/Engine.ini]
[2024.05.26-11.03.48:548][  0]LogConfig: Applying CVar settings from Section [/Script/Engine.StreamingSettings] File [D:/UNREAL/UniversityGame/ForestProject/JungleProject/Saved/Config/Windows/Engine.ini]
[2024.05.26-11.03.48:548][  0]LogConfig: Setting CVar [[s.MinBulkDataSizeForAsyncLoading:131072]]
[2024.05.26-11.03.48:548][  0]LogConfig: Setting CVar [[s.AsyncLoadingThreadEnabled:0]]
[2024.05.26-11.03.48:548][  0]LogConfig: Setting CVar [[s.EventDrivenLoaderEnabled:1]]
[2024.05.26-11.03.48:548][  0]LogConfig: Setting CVar [[s.WarnIfTimeLimitExceeded:0]]
[2024.05.26-11.03.48:548][  0]LogConfig: Setting CVar [[s.TimeLimitExceededMultiplier:1.5]]
[2024.05.26-11.03.48:548][  0]LogConfig: Setting CVar [[s.TimeLimitExceededMinTime:0.005]]
[2024.05.26-11.03.48:548][  0]LogConfig: Setting CVar [[s.UseBackgroundLevelStreaming:1]]
[2024.05.26-11.03.48:548][  0]LogConfig: Setting CVar [[s.PriorityAsyncLoadingExtraTime:15.0]]
[2024.05.26-11.03.48:548][  0]LogConfig: Setting CVar [[s.LevelStreamingActorsUpdateTimeLimit:5.0]]
[2024.05.26-11.03.48:548][  0]LogConfig: Setting CVar [[s.PriorityLevelStreamingActorsUpdateExtraTime:5.0]]
[2024.05.26-11.03.48:548][  0]LogConfig: Setting CVar [[s.LevelStreamingComponentsRegistrationGranularity:10]]
[2024.05.26-11.03.48:548][  0]LogConfig: Setting CVar [[s.UnregisterComponentsTimeLimit:1.0]]
[2024.05.26-11.03.48:548][  0]LogConfig: Setting CVar [[s.LevelStreamingComponentsUnregistrationGranularity:5]]
[2024.05.26-11.03.48:548][  0]LogConfig: Setting CVar [[s.FlushStreamingOnExit:1]]
[2024.05.26-11.03.48:548][  0]LogConfig: Applying CVar settings from Section [/Script/Engine.GarbageCollectionSettings] File [D:/UNREAL/UniversityGame/ForestProject/JungleProject/Saved/Config/Windows/Engine.ini]
[2024.05.26-11.03.48:548][  0]LogConfig: Setting CVar [[gc.MaxObjectsNotConsideredByGC:1]]
[2024.05.26-11.03.48:548][  0]LogConfig: Setting CVar [[gc.SizeOfPermanentObjectPool:0]]
[2024.05.26-11.03.48:548][  0]LogConfig: Setting CVar [[gc.FlushStreamingOnGC:0]]
[2024.05.26-11.03.48:548][  0]LogConfig: Setting CVar [[gc.NumRetriesBeforeForcingGC:10]]
[2024.05.26-11.03.48:548][  0]LogConfig: Setting CVar [[gc.AllowParallelGC:1]]
[2024.05.26-11.03.48:548][  0]LogConfig: Setting CVar [[gc.TimeBetweenPurgingPendingKillObjects:61.1]]
[2024.05.26-11.03.48:548][  0]LogConfig: Setting CVar [[gc.MaxObjectsInEditor:25165824]]
[2024.05.26-11.03.48:548][  0]LogConfig: Setting CVar [[gc.IncrementalBeginDestroyEnabled:1]]
[2024.05.26-11.03.48:548][  0]LogConfig: Setting CVar [[gc.CreateGCClusters:1]]
[2024.05.26-11.03.48:548][  0]LogConfig: Setting CVar [[gc.MinGCClusterSize:5]]
[2024.05.26-11.03.48:548][  0]LogConfig: Setting CVar [[gc.ActorClusteringEnabled:0]]
[2024.05.26-11.03.48:548][  0]LogConfig: Setting CVar [[gc.BlueprintClusteringEnabled:0]]
[2024.05.26-11.03.48:548][  0]LogConfig: Setting CVar [[gc.UseDisregardForGCOnDedicatedServers:0]]
[2024.05.26-11.03.48:548][  0]LogConfig: Setting CVar [[gc.MultithreadedDestructionEnabled:1]]
[2024.05.26-11.03.48:548][  0]LogConfig: Applying CVar settings from Section [/Script/Engine.NetworkSettings] File [D:/UNREAL/UniversityGame/ForestProject/JungleProject/Saved/Config/Windows/Engine.ini]
[2024.05.26-11.03.48:548][  0]LogConfig: Applying CVar settings from Section [/Script/UnrealEd.CookerSettings] File [D:/UNREAL/UniversityGame/ForestProject/JungleProject/Saved/Config/Windows/Engine.ini]
[2024.05.26-11.03.48:553][  0]LogConfig: Applying CVar settings from Section [ViewDistanceQuality@3] File [D:/UNREAL/UniversityGame/ForestProject/JungleProject/Saved/Config/Windows/Scalability.ini]
[2024.05.26-11.03.48:553][  0]LogConfig: Setting CVar [[r.SkeletalMeshLODBias:0]]
[2024.05.26-11.03.48:553][  0]LogConfig: Setting CVar [[r.ViewDistanceScale:1.0]]
[2024.05.26-11.03.48:553][  0]LogConfig: Applying CVar settings from Section [AntiAliasingQuality@3] File [D:/UNREAL/UniversityGame/ForestProject/JungleProject/Saved/Config/Windows/Scalability.ini]
[2024.05.26-11.03.48:553][  0]LogConfig: Setting CVar [[r.PostProcessAAQuality:4]]
[2024.05.26-11.03.48:553][  0]LogConfig: Applying CVar settings from Section [ShadowQuality@3] File [D:/UNREAL/UniversityGame/ForestProject/JungleProject/Saved/Config/Windows/Scalability.ini]
[2024.05.26-11.03.48:553][  0]LogConfig: Setting CVar [[r.LightFunctionQuality:1]]
[2024.05.26-11.03.48:553][  0]LogConfig: Setting CVar [[r.ShadowQuality:5]]
[2024.05.26-11.03.48:553][  0]LogConfig: Setting CVar [[r.Shadow.CSM.MaxCascades:10]]
[2024.05.26-11.03.48:553][  0]LogConfig: Setting CVar [[r.Shadow.MaxResolution:2048]]
[2024.05.26-11.03.48:553][  0]LogConfig: Setting CVar [[r.Shadow.MaxCSMResolution:2048]]
[2024.05.26-11.03.48:553][  0]LogConfig: Setting CVar [[r.Shadow.RadiusThreshold:0.01]]
[2024.05.26-11.03.48:553][  0]LogConfig: Setting CVar [[r.Shadow.DistanceScale:1.0]]
[2024.05.26-11.03.48:553][  0]LogConfig: Setting CVar [[r.Shadow.CSM.TransitionScale:1.0]]
[2024.05.26-11.03.48:553][  0]LogConfig: Setting CVar [[r.Shadow.PreShadowResolutionFactor:1.0]]
[2024.05.26-11.03.48:553][  0]LogConfig: Setting CVar [[r.DistanceFieldShadowing:1]]
[2024.05.26-11.03.48:553][  0]LogConfig: Setting CVar [[r.DistanceFieldAO:1]]
[2024.05.26-11.03.48:553][  0]LogConfig: Setting CVar [[r.AOQuality:2]]
[2024.05.26-11.03.48:553][  0]LogConfig: Setting CVar [[r.VolumetricFog:1]]
[2024.05.26-11.03.48:553][  0]LogConfig: Setting CVar [[r.VolumetricFog.GridPixelSize:8]]
[2024.05.26-11.03.48:553][  0]LogConfig: Setting CVar [[r.VolumetricFog.GridSizeZ:128]]
[2024.05.26-11.03.48:553][  0]LogConfig: Setting CVar [[r.VolumetricFog.HistoryMissSupersampleCount:4]]
[2024.05.26-11.03.48:553][  0]LogConfig: Setting CVar [[r.LightMaxDrawDistanceScale:1]]
[2024.05.26-11.03.48:553][  0]LogConfig: Setting CVar [[r.CapsuleShadows:1]]
[2024.05.26-11.03.48:553][  0]LogConfig: Applying CVar settings from Section [PostProcessQuality@3] File [D:/UNREAL/UniversityGame/ForestProject/JungleProject/Saved/Config/Windows/Scalability.ini]
[2024.05.26-11.03.48:553][  0]LogConfig: Setting CVar [[r.MotionBlurQuality:4]]
[2024.05.26-11.03.48:553][  0]LogConfig: Setting CVar [[r.AmbientOcclusionMipLevelFactor:0.4]]
[2024.05.26-11.03.48:553][  0]LogConfig: Setting CVar [[r.AmbientOcclusionMaxQuality:100]]
[2024.05.26-11.03.48:553][  0]LogConfig: Setting CVar [[r.AmbientOcclusionLevels:-1]]
[2024.05.26-11.03.48:553][  0]LogConfig: Setting CVar [[r.AmbientOcclusionRadiusScale:1.0]]
[2024.05.26-11.03.48:553][  0]LogConfig: Setting CVar [[r.DepthOfFieldQuality:2]]
[2024.05.26-11.03.48:553][  0]LogConfig: Setting CVar [[r.RenderTargetPoolMin:400]]
[2024.05.26-11.03.48:553][  0]LogConfig: Setting CVar [[r.LensFlareQuality:2]]
[2024.05.26-11.03.48:553][  0]LogConfig: Setting CVar [[r.SceneColorFringeQuality:1]]
[2024.05.26-11.03.48:553][  0]LogConfig: Setting CVar [[r.EyeAdaptationQuality:2]]
[2024.05.26-11.03.48:553][  0]LogConfig: Setting CVar [[r.BloomQuality:5]]
[2024.05.26-11.03.48:553][  0]LogConfig: Setting CVar [[r.FastBlurThreshold:100]]
[2024.05.26-11.03.48:553][  0]LogConfig: Setting CVar [[r.Upscale.Quality:3]]
[2024.05.26-11.03.48:553][  0]LogConfig: Setting CVar [[r.Tonemapper.GrainQuantization:1]]
[2024.05.26-11.03.48:553][  0]LogConfig: Setting CVar [[r.LightShaftQuality:1]]
[2024.05.26-11.03.48:553][  0]LogConfig: Setting CVar [[r.Filter.SizeScale:1]]
[2024.05.26-11.03.48:553][  0]LogConfig: Setting CVar [[r.Tonemapper.Quality:5]]
[2024.05.26-11.03.48:553][  0]LogConfig: Setting CVar [[r.DOF.Gather.AccumulatorQuality:1        ; higher gathering accumulator quality]]
[2024.05.26-11.03.48:553][  0]LogConfig: Setting CVar [[r.DOF.Gather.PostfilterMethod:1          ; Median3x3 postfilering method]]
[2024.05.26-11.03.48:553][  0]LogConfig: Setting CVar [[r.DOF.Gather.EnableBokehSettings:0       ; no bokeh simulation when gathering]]
[2024.05.26-11.03.48:553][  0]LogConfig: Setting CVar [[r.DOF.Gather.RingCount:4                 ; medium number of samples when gathering]]
[2024.05.26-11.03.48:553][  0]LogConfig: Setting CVar [[r.DOF.Scatter.ForegroundCompositing:1    ; additive foreground scattering]]
[2024.05.26-11.03.48:553][  0]LogConfig: Setting CVar [[r.DOF.Scatter.BackgroundCompositing:2    ; additive background scattering]]
[2024.05.26-11.03.48:553][  0]LogConfig: Setting CVar [[r.DOF.Scatter.EnableBokehSettings:1      ; bokeh simulation when scattering]]
[2024.05.26-11.03.48:553][  0]LogConfig: Setting CVar [[r.DOF.Scatter.MaxSpriteRatio:0.1         ; only a maximum of 10% of scattered bokeh]]
[2024.05.26-11.03.48:553][  0]LogConfig: Setting CVar [[r.DOF.Recombine.Quality:1                ; cheap slight out of focus]]
[2024.05.26-11.03.48:553][  0]LogConfig: Setting CVar [[r.DOF.Recombine.EnableBokehSettings:0    ; no bokeh simulation on slight out of focus]]
[2024.05.26-11.03.48:553][  0]LogConfig: Setting CVar [[r.DOF.TemporalAAQuality:1                ; more stable temporal accumulation]]
[2024.05.26-11.03.48:553][  0]LogConfig: Setting CVar [[r.DOF.Kernel.MaxForegroundRadius:0.025]]
[2024.05.26-11.03.48:553][  0]LogConfig: Setting CVar [[r.DOF.Kernel.MaxBackgroundRadius:0.025]]
[2024.05.26-11.03.48:553][  0]LogConfig: Applying CVar settings from Section [TextureQuality@3] File [D:/UNREAL/UniversityGame/ForestProject/JungleProject/Saved/Config/Windows/Scalability.ini]
[2024.05.26-11.03.48:553][  0]LogConfig: Setting CVar [[r.Streaming.MipBias:0]]
[2024.05.26-11.03.48:553][  0]LogConfig: Setting CVar [[r.Streaming.AmortizeCPUToGPUCopy:0]]
[2024.05.26-11.03.48:553][  0]LogConfig: Setting CVar [[r.Streaming.MaxNumTexturesToStreamPerFrame:0]]
[2024.05.26-11.03.48:553][  0]LogConfig: Setting CVar [[r.Streaming.Boost:1]]
[2024.05.26-11.03.48:553][  0]LogConfig: Setting CVar [[r.MaxAnisotropy:8]]
[2024.05.26-11.03.48:553][  0]LogConfig: Setting CVar [[r.VT.MaxAnisotropy:8]]
[2024.05.26-11.03.48:553][  0]LogConfig: Setting CVar [[r.Streaming.LimitPoolSizeToVRAM:0]]
[2024.05.26-11.03.48:553][  0]LogConfig: Setting CVar [[r.Streaming.PoolSize:1000]]
[2024.05.26-11.03.48:553][  0]LogConfig: Setting CVar [[r.Streaming.MaxEffectiveScreenSize:0]]
[2024.05.26-11.03.48:553][  0]LogConfig: Applying CVar settings from Section [EffectsQuality@3] File [D:/UNREAL/UniversityGame/ForestProject/JungleProject/Saved/Config/Windows/Scalability.ini]
[2024.05.26-11.03.48:553][  0]LogConfig: Setting CVar [[r.TranslucencyLightingVolumeDim:64]]
[2024.05.26-11.03.48:553][  0]LogConfig: Setting CVar [[r.RefractionQuality:2]]
[2024.05.26-11.03.48:553][  0]LogConfig: Setting CVar [[r.SSR.Quality:3]]
[2024.05.26-11.03.48:553][  0]LogConfig: Setting CVar [[r.SSR.HalfResSceneColor:0]]
[2024.05.26-11.03.48:553][  0]LogConfig: Setting CVar [[r.SceneColorFormat:4]]
[2024.05.26-11.03.48:553][  0]LogConfig: Setting CVar [[r.DetailMode:2]]
[2024.05.26-11.03.48:553][  0]LogConfig: Setting CVar [[r.TranslucencyVolumeBlur:1]]
[2024.05.26-11.03.48:553][  0]LogConfig: Setting CVar [[r.MaterialQualityLevel:1 ; High quality]]
[2024.05.26-11.03.48:553][  0]LogConfig: Setting CVar [[r.AnisotropicMaterials:1]]
[2024.05.26-11.03.48:553][  0]LogConfig: Setting CVar [[r.SSS.Scale:1]]
[2024.05.26-11.03.48:553][  0]LogConfig: Setting CVar [[r.SSS.SampleSet:2]]
[2024.05.26-11.03.48:553][  0]LogConfig: Setting CVar [[r.SSS.Quality:1]]
[2024.05.26-11.03.48:553][  0]LogConfig: Setting CVar [[r.SSS.HalfRes:0]]
[2024.05.26-11.03.48:553][  0]LogConfig: Setting CVar [[r.SSGI.Quality:3]]
[2024.05.26-11.03.48:553][  0]LogConfig: Setting CVar [[r.EmitterSpawnRateScale:1.0]]
[2024.05.26-11.03.48:553][  0]LogConfig: Setting CVar [[r.ParticleLightQuality:2]]
[2024.05.26-11.03.48:553][  0]LogConfig: Setting CVar [[r.SkyAtmosphere.AerialPerspectiveLUT.FastApplyOnOpaque:1 ; Always have FastSkyLUT 1 in this case to avoid wrong sky]]
[2024.05.26-11.03.48:553][  0]LogConfig: Setting CVar [[r.SkyAtmosphere.AerialPerspectiveLUT.SampleCountMaxPerSlice:4]]
[2024.05.26-11.03.48:553][  0]LogConfig: Setting CVar [[r.SkyAtmosphere.AerialPerspectiveLUT.DepthResolution:16.0]]
[2024.05.26-11.03.48:553][  0]LogConfig: Setting CVar [[r.SkyAtmosphere.FastSkyLUT:1]]
[2024.05.26-11.03.48:553][  0]LogConfig: Setting CVar [[r.SkyAtmosphere.FastSkyLUT.SampleCountMin:4.0]]
[2024.05.26-11.03.48:553][  0]LogConfig: Setting CVar [[r.SkyAtmosphere.FastSkyLUT.SampleCountMax:128.0]]
[2024.05.26-11.03.48:554][  0]LogConfig: Setting CVar [[r.SkyAtmosphere.SampleCountMin:4.0]]
[2024.05.26-11.03.48:554][  0]LogConfig: Setting CVar [[r.SkyAtmosphere.SampleCountMax:128.0]]
[2024.05.26-11.03.48:554][  0]LogConfig: Setting CVar [[r.SkyAtmosphere.TransmittanceLUT.UseSmallFormat:0]]
[2024.05.26-11.03.48:554][  0]LogConfig: Setting CVar [[r.SkyAtmosphere.TransmittanceLUT.SampleCount:10.0]]
[2024.05.26-11.03.48:554][  0]LogConfig: Setting CVar [[r.SkyAtmosphere.MultiScatteringLUT.SampleCount:15.0]]
[2024.05.26-11.03.48:554][  0]LogConfig: Setting CVar [[r.SkyLight.RealTimeReflectionCapture:1]]
[2024.05.26-11.03.48:554][  0]LogConfig: Applying CVar settings from Section [FoliageQuality@3] File [D:/UNREAL/UniversityGame/ForestProject/JungleProject/Saved/Config/Windows/Scalability.ini]
[2024.05.26-11.03.48:554][  0]LogConfig: Setting CVar [[foliage.DensityScale:1.0]]
[2024.05.26-11.03.48:554][  0]LogConfig: Setting CVar [[grass.DensityScale:1.0]]
[2024.05.26-11.03.48:554][  0]LogConfig: Applying CVar settings from Section [ShadingQuality@3] File [D:/UNREAL/UniversityGame/ForestProject/JungleProject/Saved/Config/Windows/Scalability.ini]
[2024.05.26-11.03.48:554][  0]LogConfig: Setting CVar [[r.HairStrands.SkyLighting.IntegrationType:2]]
[2024.05.26-11.03.48:554][  0]LogConfig: Setting CVar [[r.HairStrands.SkyAO.SampleCount:4]]
[2024.05.26-11.03.48:554][  0]LogConfig: Setting CVar [[r.HairStrands.Visibility.MSAA.SamplePerPixel:4]]
[2024.05.26-11.03.48:554][  0]LogInit: Selected Device Profile: [Windows]
[2024.05.26-11.03.48:554][  0]LogInit: Applying CVar settings loaded from the selected device profile: [Windows]
[2024.05.26-11.03.48:554][  0]LogHAL: Display: Platform has ~ 16 GB [16905949184 / 17179869184 / 16], which maps to Larger [LargestMinGB=32, LargerMinGB=12, DefaultMinGB=8, SmallerMinGB=6, SmallestMinGB=0)
[2024.05.26-11.03.48:554][  0]LogInit: Going up to parent DeviceProfile []
[2024.05.26-11.03.48:554][  0]LogConfig: Applying CVar settings from Section [ViewDistanceQuality@3] File [D:/UNREAL/UniversityGame/ForestProject/JungleProject/Saved/Config/Windows/Scalability.ini]
[2024.05.26-11.03.48:554][  0]LogConfig: Setting CVar [[r.SkeletalMeshLODBias:0]]
[2024.05.26-11.03.48:554][  0]LogConfig: Setting CVar [[r.ViewDistanceScale:1.0]]
[2024.05.26-11.03.48:554][  0]LogConfig: Applying CVar settings from Section [AntiAliasingQuality@3] File [D:/UNREAL/UniversityGame/ForestProject/JungleProject/Saved/Config/Windows/Scalability.ini]
[2024.05.26-11.03.48:554][  0]LogConfig: Setting CVar [[r.PostProcessAAQuality:4]]
[2024.05.26-11.03.48:554][  0]LogConfig: Applying CVar settings from Section [ShadowQuality@3] File [D:/UNREAL/UniversityGame/ForestProject/JungleProject/Saved/Config/Windows/Scalability.ini]
[2024.05.26-11.03.48:554][  0]LogConfig: Setting CVar [[r.LightFunctionQuality:1]]
[2024.05.26-11.03.48:554][  0]LogConfig: Setting CVar [[r.ShadowQuality:5]]
[2024.05.26-11.03.48:554][  0]LogConfig: Setting CVar [[r.Shadow.CSM.MaxCascades:10]]
[2024.05.26-11.03.48:554][  0]LogConfig: Setting CVar [[r.Shadow.MaxResolution:2048]]
[2024.05.26-11.03.48:554][  0]LogConfig: Setting CVar [[r.Shadow.MaxCSMResolution:2048]]
[2024.05.26-11.03.48:554][  0]LogConfig: Setting CVar [[r.Shadow.RadiusThreshold:0.01]]
[2024.05.26-11.03.48:554][  0]LogConfig: Setting CVar [[r.Shadow.DistanceScale:1.0]]
[2024.05.26-11.03.48:554][  0]LogConfig: Setting CVar [[r.Shadow.CSM.TransitionScale:1.0]]
[2024.05.26-11.03.48:554][  0]LogConfig: Setting CVar [[r.Shadow.PreShadowResolutionFactor:1.0]]
[2024.05.26-11.03.48:554][  0]LogConfig: Setting CVar [[r.DistanceFieldShadowing:1]]
[2024.05.26-11.03.48:554][  0]LogConfig: Setting CVar [[r.DistanceFieldAO:1]]
[2024.05.26-11.03.48:554][  0]LogConfig: Setting CVar [[r.AOQuality:2]]
[2024.05.26-11.03.48:554][  0]LogConfig: Setting CVar [[r.VolumetricFog:1]]
[2024.05.26-11.03.48:554][  0]LogConfig: Setting CVar [[r.VolumetricFog.GridPixelSize:8]]
[2024.05.26-11.03.48:554][  0]LogConfig: Setting CVar [[r.VolumetricFog.GridSizeZ:128]]
[2024.05.26-11.03.48:554][  0]LogConfig: Setting CVar [[r.VolumetricFog.HistoryMissSupersampleCount:4]]
[2024.05.26-11.03.48:554][  0]LogConfig: Setting CVar [[r.LightMaxDrawDistanceScale:1]]
[2024.05.26-11.03.48:554][  0]LogConfig: Setting CVar [[r.CapsuleShadows:1]]
[2024.05.26-11.03.48:554][  0]LogConfig: Applying CVar settings from Section [PostProcessQuality@3] File [D:/UNREAL/UniversityGame/ForestProject/JungleProject/Saved/Config/Windows/Scalability.ini]
[2024.05.26-11.03.48:554][  0]LogConfig: Setting CVar [[r.MotionBlurQuality:4]]
[2024.05.26-11.03.48:554][  0]LogConfig: Setting CVar [[r.AmbientOcclusionMipLevelFactor:0.4]]
[2024.05.26-11.03.48:554][  0]LogConfig: Setting CVar [[r.AmbientOcclusionMaxQuality:100]]
[2024.05.26-11.03.48:554][  0]LogConfig: Setting CVar [[r.AmbientOcclusionLevels:-1]]
[2024.05.26-11.03.48:554][  0]LogConfig: Setting CVar [[r.AmbientOcclusionRadiusScale:1.0]]
[2024.05.26-11.03.48:554][  0]LogConfig: Setting CVar [[r.DepthOfFieldQuality:2]]
[2024.05.26-11.03.48:554][  0]LogConfig: Setting CVar [[r.RenderTargetPoolMin:400]]
[2024.05.26-11.03.48:554][  0]LogConfig: Setting CVar [[r.LensFlareQuality:2]]
[2024.05.26-11.03.48:554][  0]LogConfig: Setting CVar [[r.SceneColorFringeQuality:1]]
[2024.05.26-11.03.48:554][  0]LogConfig: Setting CVar [[r.EyeAdaptationQuality:2]]
[2024.05.26-11.03.48:554][  0]LogConfig: Setting CVar [[r.BloomQuality:5]]
[2024.05.26-11.03.48:554][  0]LogConfig: Setting CVar [[r.FastBlurThreshold:100]]
[2024.05.26-11.03.48:554][  0]LogConfig: Setting CVar [[r.Upscale.Quality:3]]
[2024.05.26-11.03.48:554][  0]LogConfig: Setting CVar [[r.Tonemapper.GrainQuantization:1]]
[2024.05.26-11.03.48:554][  0]LogConfig: Setting CVar [[r.LightShaftQuality:1]]
[2024.05.26-11.03.48:554][  0]LogConfig: Setting CVar [[r.Filter.SizeScale:1]]
[2024.05.26-11.03.48:554][  0]LogConfig: Setting CVar [[r.Tonemapper.Quality:5]]
[2024.05.26-11.03.48:554][  0]LogConfig: Setting CVar [[r.DOF.Gather.AccumulatorQuality:1        ; higher gathering accumulator quality]]
[2024.05.26-11.03.48:554][  0]LogConfig: Setting CVar [[r.DOF.Gather.PostfilterMethod:1          ; Median3x3 postfilering method]]
[2024.05.26-11.03.48:554][  0]LogConfig: Setting CVar [[r.DOF.Gather.EnableBokehSettings:0       ; no bokeh simulation when gathering]]
[2024.05.26-11.03.48:554][  0]LogConfig: Setting CVar [[r.DOF.Gather.RingCount:4                 ; medium number of samples when gathering]]
[2024.05.26-11.03.48:554][  0]LogConfig: Setting CVar [[r.DOF.Scatter.ForegroundCompositing:1    ; additive foreground scattering]]
[2024.05.26-11.03.48:554][  0]LogConfig: Setting CVar [[r.DOF.Scatter.BackgroundCompositing:2    ; additive background scattering]]
[2024.05.26-11.03.48:554][  0]LogConfig: Setting CVar [[r.DOF.Scatter.EnableBokehSettings:1      ; bokeh simulation when scattering]]
[2024.05.26-11.03.48:554][  0]LogConfig: Setting CVar [[r.DOF.Scatter.MaxSpriteRatio:0.1         ; only a maximum of 10% of scattered bokeh]]
[2024.05.26-11.03.48:554][  0]LogConfig: Setting CVar [[r.DOF.Recombine.Quality:1                ; cheap slight out of focus]]
[2024.05.26-11.03.48:554][  0]LogConfig: Setting CVar [[r.DOF.Recombine.EnableBokehSettings:0    ; no bokeh simulation on slight out of focus]]
[2024.05.26-11.03.48:554][  0]LogConfig: Setting CVar [[r.DOF.TemporalAAQuality:1                ; more stable temporal accumulation]]
[2024.05.26-11.03.48:554][  0]LogConfig: Setting CVar [[r.DOF.Kernel.MaxForegroundRadius:0.025]]
[2024.05.26-11.03.48:554][  0]LogConfig: Setting CVar [[r.DOF.Kernel.MaxBackgroundRadius:0.025]]
[2024.05.26-11.03.48:554][  0]LogConfig: Applying CVar settings from Section [TextureQuality@3] File [D:/UNREAL/UniversityGame/ForestProject/JungleProject/Saved/Config/Windows/Scalability.ini]
[2024.05.26-11.03.48:554][  0]LogConfig: Setting CVar [[r.Streaming.MipBias:0]]
[2024.05.26-11.03.48:554][  0]LogConfig: Setting CVar [[r.Streaming.AmortizeCPUToGPUCopy:0]]
[2024.05.26-11.03.48:554][  0]LogConfig: Setting CVar [[r.Streaming.MaxNumTexturesToStreamPerFrame:0]]
[2024.05.26-11.03.48:554][  0]LogConfig: Setting CVar [[r.Streaming.Boost:1]]
[2024.05.26-11.03.48:554][  0]LogConfig: Setting CVar [[r.MaxAnisotropy:8]]
[2024.05.26-11.03.48:554][  0]LogConfig: Setting CVar [[r.VT.MaxAnisotropy:8]]
[2024.05.26-11.03.48:554][  0]LogConfig: Setting CVar [[r.Streaming.LimitPoolSizeToVRAM:0]]
[2024.05.26-11.03.48:554][  0]LogConfig: Setting CVar [[r.Streaming.PoolSize:1000]]
[2024.05.26-11.03.48:554][  0]LogConfig: Setting CVar [[r.Streaming.MaxEffectiveScreenSize:0]]
[2024.05.26-11.03.48:554][  0]LogConfig: Applying CVar settings from Section [EffectsQuality@3] File [D:/UNREAL/UniversityGame/ForestProject/JungleProject/Saved/Config/Windows/Scalability.ini]
[2024.05.26-11.03.48:554][  0]LogConfig: Setting CVar [[r.TranslucencyLightingVolumeDim:64]]
[2024.05.26-11.03.48:554][  0]LogConfig: Setting CVar [[r.RefractionQuality:2]]
[2024.05.26-11.03.48:554][  0]LogConfig: Setting CVar [[r.SSR.Quality:3]]
[2024.05.26-11.03.48:554][  0]LogConfig: Setting CVar [[r.SSR.HalfResSceneColor:0]]
[2024.05.26-11.03.48:554][  0]LogConfig: Setting CVar [[r.SceneColorFormat:4]]
[2024.05.26-11.03.48:554][  0]LogConfig: Setting CVar [[r.DetailMode:2]]
[2024.05.26-11.03.48:554][  0]LogConfig: Setting CVar [[r.TranslucencyVolumeBlur:1]]
[2024.05.26-11.03.48:554][  0]LogConfig: Setting CVar [[r.MaterialQualityLevel:1 ; High quality]]
[2024.05.26-11.03.48:554][  0]LogConfig: Setting CVar [[r.AnisotropicMaterials:1]]
[2024.05.26-11.03.48:554][  0]LogConfig: Setting CVar [[r.SSS.Scale:1]]
[2024.05.26-11.03.48:554][  0]LogConfig: Setting CVar [[r.SSS.SampleSet:2]]
[2024.05.26-11.03.48:554][  0]LogConfig: Setting CVar [[r.SSS.Quality:1]]
[2024.05.26-11.03.48:554][  0]LogConfig: Setting CVar [[r.SSS.HalfRes:0]]
[2024.05.26-11.03.48:554][  0]LogConfig: Setting CVar [[r.SSGI.Quality:3]]
[2024.05.26-11.03.48:554][  0]LogConfig: Setting CVar [[r.EmitterSpawnRateScale:1.0]]
[2024.05.26-11.03.48:554][  0]LogConfig: Setting CVar [[r.ParticleLightQuality:2]]
[2024.05.26-11.03.48:554][  0]LogConfig: Setting CVar [[r.SkyAtmosphere.AerialPerspectiveLUT.FastApplyOnOpaque:1 ; Always have FastSkyLUT 1 in this case to avoid wrong sky]]
[2024.05.26-11.03.48:554][  0]LogConfig: Setting CVar [[r.SkyAtmosphere.AerialPerspectiveLUT.SampleCountMaxPerSlice:4]]
[2024.05.26-11.03.48:554][  0]LogConfig: Setting CVar [[r.SkyAtmosphere.AerialPerspectiveLUT.DepthResolution:16.0]]
[2024.05.26-11.03.48:554][  0]LogConfig: Setting CVar [[r.SkyAtmosphere.FastSkyLUT:1]]
[2024.05.26-11.03.48:554][  0]LogConfig: Setting CVar [[r.SkyAtmosphere.FastSkyLUT.SampleCountMin:4.0]]
[2024.05.26-11.03.48:554][  0]LogConfig: Setting CVar [[r.SkyAtmosphere.FastSkyLUT.SampleCountMax:128.0]]
[2024.05.26-11.03.48:554][  0]LogConfig: Setting CVar [[r.SkyAtmosphere.SampleCountMin:4.0]]
[2024.05.26-11.03.48:554][  0]LogConfig: Setting CVar [[r.SkyAtmosphere.SampleCountMax:128.0]]
[2024.05.26-11.03.48:554][  0]LogConfig: Setting CVar [[r.SkyAtmosphere.TransmittanceLUT.UseSmallFormat:0]]
[2024.05.26-11.03.48:554][  0]LogConfig: Setting CVar [[r.SkyAtmosphere.TransmittanceLUT.SampleCount:10.0]]
[2024.05.26-11.03.48:554][  0]LogConfig: Setting CVar [[r.SkyAtmosphere.MultiScatteringLUT.SampleCount:15.0]]
[2024.05.26-11.03.48:554][  0]LogConfig: Setting CVar [[r.SkyLight.RealTimeReflectionCapture:1]]
[2024.05.26-11.03.48:554][  0]LogConfig: Applying CVar settings from Section [FoliageQuality@3] File [D:/UNREAL/UniversityGame/ForestProject/JungleProject/Saved/Config/Windows/Scalability.ini]
[2024.05.26-11.03.48:554][  0]LogConfig: Setting CVar [[foliage.DensityScale:1.0]]
[2024.05.26-11.03.48:554][  0]LogConfig: Setting CVar [[grass.DensityScale:1.0]]
[2024.05.26-11.03.48:555][  0]LogConfig: Applying CVar settings from Section [ShadingQuality@3] File [D:/UNREAL/UniversityGame/ForestProject/JungleProject/Saved/Config/Windows/Scalability.ini]
[2024.05.26-11.03.48:555][  0]LogConfig: Setting CVar [[r.HairStrands.SkyLighting.IntegrationType:2]]
[2024.05.26-11.03.48:555][  0]LogConfig: Setting CVar [[r.HairStrands.SkyAO.SampleCount:4]]
[2024.05.26-11.03.48:555][  0]LogConfig: Setting CVar [[r.HairStrands.Visibility.MSAA.SamplePerPixel:4]]
[2024.05.26-11.03.48:555][  0]LogConfig: Applying CVar settings from Section [Startup] File [../../../Engine/Config/ConsoleVariables.ini]
[2024.05.26-11.03.48:555][  0]LogConfig: Setting CVar [[net.UseAdaptiveNetUpdateFrequency:0]]
[2024.05.26-11.03.48:555][  0]LogConfig: Setting CVar [[p.chaos.AllowCreatePhysxBodies:1]]
[2024.05.26-11.03.48:555][  0]LogConfig: Setting CVar [[fx.SkipVectorVMBackendOptimizations:1]]
[2024.05.26-11.03.48:555][  0]LogConfig: Applying CVar settings from Section [ConsoleVariables] File [D:/UNREAL/UniversityGame/ForestProject/JungleProject/Saved/Config/Windows/Engine.ini]
[2024.05.26-11.03.48:555][  0]LogConfig: Applying CVar settings from Section [ConsoleVariables] File [D:/UNREAL/UniversityGame/ForestProject/JungleProject/Saved/Config/Windows/Editor.ini]
[2024.05.26-11.03.48:555][  0]LogInit: Computer: DESKTOP-0QKQHTO
[2024.05.26-11.03.48:555][  0]LogInit: User: BLACKRAYANE
[2024.05.26-11.03.48:555][  0]LogInit: CPU Page size=4096, Cores=6
[2024.05.26-11.03.48:555][  0]LogInit: High frequency timer resolution =10.000000 MHz
[2024.05.26-11.03.48:555][  0]LogMemory: Memory total: Physical=15.7GB (16GB approx)
[2024.05.26-11.03.48:555][  0]LogMemory: Platform Memory Stats for Windows
[2024.05.26-11.03.48:555][  0]LogMemory: Process Physical Memory: 145.72 MB used, 145.72 MB peak
[2024.05.26-11.03.48:555][  0]LogMemory: Process Virtual Memory: 131.81 MB used, 131.81 MB peak
[2024.05.26-11.03.48:555][  0]LogMemory: Physical Memory: 6448.39 MB used,  9674.38 MB free, 16122.77 MB total
[2024.05.26-11.03.48:555][  0]LogMemory: Virtual Memory: 134208040.00 MB used,  9686.05 MB free, 134217728.00 MB total
[2024.05.26-11.03.48:558][  0]LogWindows: WindowsPlatformFeatures enabled
[2024.05.26-11.03.48:583][  0]LogInit: Physics initialised using underlying interface: PhysX
[2024.05.26-11.03.48:583][  0]LogInit: Using OS detected language (en-US).
[2024.05.26-11.03.48:583][  0]LogInit: Using OS detected locale (fa-IR).
[2024.05.26-11.03.48:584][  0]LogTextLocalizationManager: No specific localization for 'en-US' exists, so the 'en' localization will be used.
[2024.05.26-11.03.48:721][  0]LogInit: Setting process to per monitor DPI aware
[2024.05.26-11.03.48:730][  0]LogWindowsTextInputMethodSystem: Display: IME system deactivated.
[2024.05.26-11.03.48:738][  0]LogSlate: New Slate User Created.  User Index 0, Is Virtual User: 0
[2024.05.26-11.03.48:738][  0]LogSlate: Slate User Registered.  User Index 0, Is Virtual User: 0
[2024.05.26-11.03.48:811][  0]LogD3D11RHI: Loaded GFSDK_Aftermath_Lib.x64.dll
[2024.05.26-11.03.48:822][  0]LogHMD: Failed to initialize OpenVR with code 110
[2024.05.26-11.03.48:822][  0]LogD3D11RHI: D3D11 min allowed feature level: 11_0
[2024.05.26-11.03.48:822][  0]LogD3D11RHI: D3D11 max allowed feature level: 11_0
[2024.05.26-11.03.48:822][  0]LogD3D11RHI: D3D11 adapters:
[2024.05.26-11.03.48:909][  0]LogD3D11RHI:    0. 'NVIDIA GeForce RTX 2050' (Feature Level 11_0)
[2024.05.26-11.03.48:909][  0]LogD3D11RHI:       3977/0/8061 MB DedicatedVideo/DedicatedSystem/SharedSystem, Outputs:1, VendorId:0x10de
[2024.05.26-11.03.48:934][  0]LogD3D11RHI:    1. 'Intel(R) UHD Graphics' (Feature Level 11_0)
[2024.05.26-11.03.48:934][  0]LogD3D11RHI:       128/0/8061 MB DedicatedVideo/DedicatedSystem/SharedSystem, Outputs:0, VendorId:0x8086
[2024.05.26-11.03.48:936][  0]LogD3D11RHI:    2. 'Microsoft Basic Render Driver' (Feature Level 11_0)
[2024.05.26-11.03.48:936][  0]LogD3D11RHI:       0/0/8061 MB DedicatedVideo/DedicatedSystem/SharedSystem, Outputs:0, VendorId:0x1414
[2024.05.26-11.03.48:936][  0]LogD3D11RHI: Chosen D3D11 Adapter:
[2024.05.26-11.03.48:936][  0]LogD3D11RHI:     Description : NVIDIA GeForce RTX 2050
[2024.05.26-11.03.48:936][  0]LogD3D11RHI:     VendorId    : 10de
[2024.05.26-11.03.48:936][  0]LogD3D11RHI:     DeviceId    : 25ad
[2024.05.26-11.03.48:936][  0]LogD3D11RHI:     SubSysId    : 30881043
[2024.05.26-11.03.48:936][  0]LogD3D11RHI:     Revision    : 00a1
[2024.05.26-11.03.48:936][  0]LogD3D11RHI:     DedicatedVideoMemory : 4170186752 bytes
[2024.05.26-11.03.48:936][  0]LogD3D11RHI:     DedicatedSystemMemory : 0 bytes
[2024.05.26-11.03.48:936][  0]LogD3D11RHI:     SharedSystemMemory : 8452974592 bytes
[2024.05.26-11.03.48:936][  0]LogD3D11RHI:     AdapterLuid : 0 63002
[2024.05.26-11.03.48:940][  0]LogD3D11RHI: Creating new Direct3DDevice
[2024.05.26-11.03.48:940][  0]LogD3D11RHI:     GPU DeviceId: 0x25ad (for the marketing name, search the web for "GPU Device Id")
[2024.05.26-11.03.48:940][  0]LogWindows: EnumDisplayDevices:
[2024.05.26-11.03.48:941][  0]LogWindows:    0. 'Intel(R) UHD Graphics' (P:1 D:1)
[2024.05.26-11.03.48:941][  0]LogWindows:    1. 'Intel(R) UHD Graphics' (P:0 D:0)
[2024.05.26-11.03.48:941][  0]LogWindows:    2. 'Intel(R) UHD Graphics' (P:0 D:0)
[2024.05.26-11.03.48:941][  0]LogWindows:    3. 'Intel(R) UHD Graphics' (P:0 D:0)
[2024.05.26-11.03.48:941][  0]LogWindows:    4. 'NVIDIA GeForce RTX 2050' (P:0 D:0)
[2024.05.26-11.03.48:941][  0]LogWindows:    5. 'NVIDIA GeForce RTX 2050' (P:0 D:0)
[2024.05.26-11.03.48:941][  0]LogWindows:    6. 'NVIDIA GeForce RTX 2050' (P:0 D:0)
[2024.05.26-11.03.48:942][  0]LogWindows:    7. 'NVIDIA GeForce RTX 2050' (P:0 D:0)
[2024.05.26-11.03.48:942][  0]LogWindows: DebugString: PrimaryIsNotTheChoosenAdapter PrimaryIsNotTheChoosenAdapter PrimaryIsNotTheChoosenAdapter PrimaryIsNotTheChoosenAdapter FoundDriverCount:4 
[2024.05.26-11.03.48:942][  0]LogD3D11RHI:     Adapter Name: NVIDIA GeForce RTX 2050
[2024.05.26-11.03.48:942][  0]LogD3D11RHI:   Driver Version: 528.49 (internal:31.0.15.2849, unified:528.49)
[2024.05.26-11.03.48:942][  0]LogD3D11RHI:      Driver Date: 2-2-2023
[2024.05.26-11.03.48:942][  0]LogRHI: Texture pool is 2783 MB (70% of 3977 MB)
[2024.05.26-11.03.48:942][  0]LogD3D11RHI: Creating D3DDevice using adapter:
[2024.05.26-11.03.48:942][  0]LogD3D11RHI:     Description : NVIDIA GeForce RTX 2050
[2024.05.26-11.03.48:942][  0]LogD3D11RHI:     VendorId    : 10de
[2024.05.26-11.03.48:942][  0]LogD3D11RHI:     DeviceId    : 25ad
[2024.05.26-11.03.48:942][  0]LogD3D11RHI:     SubSysId    : 30881043
[2024.05.26-11.03.48:942][  0]LogD3D11RHI:     Revision    : 00a1
[2024.05.26-11.03.48:942][  0]LogD3D11RHI:     DedicatedVideoMemory : 4170186752 bytes
[2024.05.26-11.03.48:942][  0]LogD3D11RHI:     DedicatedSystemMemory : 0 bytes
[2024.05.26-11.03.48:942][  0]LogD3D11RHI:     SharedSystemMemory : 8452974592 bytes
[2024.05.26-11.03.48:942][  0]LogD3D11RHI:     AdapterLuid : 0 63002
[2024.05.26-11.03.48:990][  0]LogD3D11RHI: RHI has support for 64 bit atomics
[2024.05.26-11.03.48:990][  0]LogD3D11RHI: Async texture creation enabled
[2024.05.26-11.03.48:990][  0]LogD3D11RHI: Array index from any shader is supported
[2024.05.26-11.03.49:003][  0]LogD3D11RHI: GPU Timing Frequency: 1000.000000 (Debug: 2 1)
[2024.05.26-11.03.49:020][  0]LogRHI: GeForceNow SDK initialized: 1
[2024.05.26-11.03.49:227][  0]LogTargetPlatformManager: Display: Loaded TargetPlatform 'AllDesktop'
[2024.05.26-11.03.49:241][  0]LogTargetPlatformManager: Display: Loaded TargetPlatform 'Android'
[2024.05.26-11.03.49:241][  0]LogTargetPlatformManager: Display: Loaded TargetPlatform 'Android_ASTC'
[2024.05.26-11.03.49:241][  0]LogTargetPlatformManager: Display: Loaded TargetPlatform 'Android_DXT'
[2024.05.26-11.03.49:241][  0]LogTargetPlatformManager: Display: Loaded TargetPlatform 'Android_ETC2'
[2024.05.26-11.03.49:241][  0]LogTargetPlatformManager: Display: Loaded TargetPlatform 'AndroidClient'
[2024.05.26-11.03.49:241][  0]LogTargetPlatformManager: Display: Loaded TargetPlatform 'Android_ASTCClient'
[2024.05.26-11.03.49:241][  0]LogTargetPlatformManager: Display: Loaded TargetPlatform 'Android_DXTClient'
[2024.05.26-11.03.49:241][  0]LogTargetPlatformManager: Display: Loaded TargetPlatform 'Android_ETC2Client'
[2024.05.26-11.03.49:241][  0]LogTargetPlatformManager: Display: Loaded TargetPlatform 'Android_Multi'
[2024.05.26-11.03.49:241][  0]LogTargetPlatformManager: Display: Loaded TargetPlatform 'Android_MultiClient'
[2024.05.26-11.03.49:253][  0]LogTargetPlatformManager: Display: Loaded TargetPlatform 'IOSClient'
[2024.05.26-11.03.49:253][  0]LogTargetPlatformManager: Display: Loaded TargetPlatform 'IOS'
[2024.05.26-11.03.49:259][  0]LogTargetPlatformManager: Display: Loaded TargetPlatform 'Linux'
[2024.05.26-11.03.49:261][  0]LogTargetPlatformManager: Display: Loaded TargetPlatform 'LinuxNoEditor'
[2024.05.26-11.03.49:264][  0]LogTargetPlatformManager: Display: Loaded TargetPlatform 'LinuxClient'
[2024.05.26-11.03.49:267][  0]LogTargetPlatformManager: Display: Loaded TargetPlatform 'LinuxServer'
[2024.05.26-11.03.49:272][  0]LogTargetPlatformManager: Display: Loaded TargetPlatform 'LinuxAArch64NoEditor'
[2024.05.26-11.03.49:275][  0]LogTargetPlatformManager: Display: Loaded TargetPlatform 'LinuxAArch64Client'
[2024.05.26-11.03.49:278][  0]LogTargetPlatformManager: Display: Loaded TargetPlatform 'LinuxAArch64Server'
[2024.05.26-11.03.49:292][  0]LogTargetPlatformManager: Display: Loaded TargetPlatform 'Lumin'
[2024.05.26-11.03.49:292][  0]LogTargetPlatformManager: Display: Loaded TargetPlatform 'LuminClient'
[2024.05.26-11.03.49:298][  0]LogTargetPlatformManager: Display: Loaded TargetPlatform 'MacNoEditor'
[2024.05.26-11.03.49:302][  0]LogTargetPlatformManager: Display: Loaded TargetPlatform 'Mac'
[2024.05.26-11.03.49:304][  0]LogTargetPlatformManager: Display: Loaded TargetPlatform 'MacClient'
[2024.05.26-11.03.49:307][  0]LogTargetPlatformManager: Display: Loaded TargetPlatform 'MacServer'
[2024.05.26-11.03.49:313][  0]LogTargetPlatformManager: Display: Loaded TargetPlatform 'TVOSClient'
[2024.05.26-11.03.49:313][  0]LogTargetPlatformManager: Display: Loaded TargetPlatform 'TVOS'
[2024.05.26-11.03.49:319][  0]LogTargetPlatformManager: Display: Loaded TargetPlatform 'WindowsNoEditor'
[2024.05.26-11.03.49:322][  0]LogTargetPlatformManager: Display: Loaded TargetPlatform 'Windows'
[2024.05.26-11.03.49:325][  0]LogTargetPlatformManager: Display: Loaded TargetPlatform 'WindowsClient'
[2024.05.26-11.03.49:327][  0]LogTargetPlatformManager: Display: Loaded TargetPlatform 'WindowsServer'
[2024.05.26-11.03.49:327][  0]LogTargetPlatformManager: Display: Building Assets For Windows
[2024.05.26-11.03.49:331][  0]LogAudioDebug: Display: Lib vorbis DLL was dynamically loaded.
[2024.05.26-11.03.49:347][  0]LogTextureFormatOodle: Display: Oodle Texture 2.9.0 init RDO Off
[2024.05.26-11.03.49:365][  0]LogRendererCore: Ray tracing is disabled. Reason: r.RayTracing=0.
[2024.05.26-11.03.49:365][  0]LogShaderCompilers: Guid format shader working directory is -18 characters bigger than the processId version (../../../../../../../UNREAL/UniversityGame/ForestProject/JungleProject/Intermediate/Shaders/WorkingDirectory/15596/).
[2024.05.26-11.03.49:366][  0]LogShaderCompilers: Cleaned the shader compiler working directory 'C:/Users/BLACK-RAYANE/AppData/Local/Temp/UnrealShaderWorkingDir/95899D15450810A86909DFBC0C408F09/'.
[2024.05.26-11.03.49:366][  0]LogXGEController: Cannot use XGE Controller as Incredibuild is not installed on this machine.
[2024.05.26-11.03.49:366][  0]LogShaderCompilers: Cannot use XGE Shader Compiler as Incredibuild is not installed on this machine.
[2024.05.26-11.03.49:366][  0]LogShaderCompilers: Display: Using Local Shader Compiler.
[2024.05.26-11.03.49:939][  0]LogDerivedDataCache: Display: Max Cache Size: 512 MB
[2024.05.26-11.03.49:982][  0]LogDerivedDataCache: Loaded boot cache 0.04s 94MB C:/Users/BLACK-RAYANE/AppData/Local/UnrealEngine/4.27/DerivedDataCache/Boot.ddc.
[2024.05.26-11.03.49:983][  0]LogDerivedDataCache: Display: Loaded Boot cache: C:/Users/BLACK-RAYANE/AppData/Local/UnrealEngine/4.27/DerivedDataCache/Boot.ddc
[2024.05.26-11.03.49:983][  0]LogDerivedDataCache: FDerivedDataBackendGraph:  Pak pak cache file ../../../../../../../UNREAL/UniversityGame/ForestProject/JungleProject/DerivedDataCache/DDC.ddp not found, will not use a pak cache.
[2024.05.26-11.03.49:983][  0]LogDerivedDataCache: Unable to find inner node Pak for hierarchical cache Hierarchy.
[2024.05.26-11.03.49:983][  0]LogDerivedDataCache: FDerivedDataBackendGraph:  CompressedPak pak cache file ../../../../../../../UNREAL/UniversityGame/ForestProject/JungleProject/DerivedDataCache/Compressed.ddp not found, will not use a pak cache.
[2024.05.26-11.03.49:983][  0]LogDerivedDataCache: Unable to find inner node CompressedPak for hierarchical cache Hierarchy.
[2024.05.26-11.03.49:996][  0]LogDerivedDataCache: Display: Pak cache opened for reading ../../../Engine/DerivedDataCache/Compressed.ddp.
[2024.05.26-11.03.49:996][  0]LogDerivedDataCache: FDerivedDataBackendGraph:  EnterprisePak pak cache file ../../../Enterprise/DerivedDataCache/Compressed.ddp not found, will not use a pak cache.
[2024.05.26-11.03.49:996][  0]LogDerivedDataCache: Unable to find inner node EnterprisePak for hierarchical cache Hierarchy.
[2024.05.26-11.03.50:001][  0]LogDerivedDataCache: Speed tests for C:/Users/BLACK-RAYANE/AppData/Local/UnrealEngine/Common/DerivedDataCache took 0.01 seconds
[2024.05.26-11.03.50:001][  0]LogDerivedDataCache: Display: Performance to C:/Users/BLACK-RAYANE/AppData/Local/UnrealEngine/Common/DerivedDataCache: Latency=0.02ms. RandomReadSpeed=2088.25MBs, RandomWriteSpeed=197.39MBs. Assigned SpeedClass 'Local'
[2024.05.26-11.03.50:002][  0]LogDerivedDataCache: Using Local data cache path C:/Users/BLACK-RAYANE/AppData/Local/UnrealEngine/Common/DerivedDataCache: Writable
[2024.05.26-11.03.50:002][  0]LogDerivedDataCache: Shared data cache path not found in *engine.ini, will not use an Shared cache.
[2024.05.26-11.03.50:002][  0]LogDerivedDataCache: Unable to find inner node Shared for hierarchical cache Hierarchy.
[2024.05.26-11.03.50:039][  0]LogSlate: Using FreeType 2.10.0
[2024.05.26-11.03.50:040][  0]LogSlate: SlateFontServices - WITH_FREETYPE: 1, WITH_HARFBUZZ: 1
[2024.05.26-11.03.50:056][  0]LogAssetRegistry: FAssetRegistry took 0.0023 seconds to start up
[2024.05.26-11.03.50:221][  0]LogInit: Selected Device Profile: [Windows]
[2024.05.26-11.03.50:221][  0]LogInit: Active device profile: [00000147E2DD4F00][00000147DCF89240 49] Windows
[2024.05.26-11.03.50:221][  0]LogInit: Profiles: [00000147E2DD4F00][00000147DCF89240 49] Windows, [00000147E2D96600][00000147E19493C0 49] WindowsNoEditor, [00000147E2DD5F00][00000147E194D540 49] WindowsServer, [00000147E2D95800][00000147E19516C0 49] WindowsClient, [00000147E2DD5000][00000147E1955840 49] IOS, [00000147E2D97C00][00000147E19599C0 49] iPadAir, [00000147E2DD7300][00000147E195DB40 49] iPadAir2, [00000147E2D59300][00000147E1964280 49] IPadPro, [00000147E2D59400][00000147E19602C0 49] iPadAir3, [00000147E2D94B00][00000147E1968440 49] iPadAir4, [00000147E2D5A100][00000147E196C5C0 49] iPadMini2, [00000147E2D97600][00000147E22A2740 49] iPadMini3, [00000147E2D5AC00][00000147E22A68C0 49] iPadMini4, [00000147E2D96900][00000147E1944A00 49] iPadMini5, [00000147E2D6CE00][00000147E22AEC40 49] iPhone6, [00000147E2D6CF00][00000147E22AAC80 49] iPodTouch6, [00000147E2DD6800][00000147E2342F00 49] iPhone7, [00000147E2DD6900][00000147E2322F40 49] iPodTouch7, [00000147E2D58C00][00000147DAAE90C0 49] iPhone5S, [00000147E2DD5300][00000147D6D07240 49] iPhone6Plus, [00000147E2D5AA00][00000147D6D0B3C0 49] iPhone6S, [00000147E2DD6D00][00000147D747B540 49] iPhone6SPlus, [00000147E2D6C100][00000147D747F6C0 49] iPhone7Plus, [00000147E2D59D00][00000147D6D17840 49] iPhoneSE, [00000147E2D6CC00][00000147DAB5D9C0 49] iPhone8, [00000147E2D58400][00000147DAB61B40 49] iPhone8Plus, [00000147E2D6EA00][00000147DAB64140 49] iPhoneX, [00000147E2D5BC00][00000147DAB682C0 49] iPhoneXS, [00000147E2D6E900][00000147DAB6C440 49] iPhoneXSMax, [00000147E2D58B00][00000147D44305C0 49] iPhoneXR, [00000147E2DD7800][00000147D4740740 49] iPhone11, [00000147E2D5BD00][00000147D474C8C0 49] iPhone11Pro, [00000147E2DD5C00][00000147D4750A40 49] iPhone11ProMax, [00000147E2D59100][00000147E233EB80 49] iPhoneSE2, [00000147E2DD5200][00000147D4754CC0 49] iPhone12Mini, [00000147E2D5B100][00000147D4758E00 49] iPhone12, [00000147E2DD4900][00000147D4760F40 49] iPhone12Pro, [00000147E2D58D00][00000147E24670C0 49] iPhone12ProMax, [00000147E2DD7C00][00000147D4463240 49] iPadPro105, [00000147E2D5B700][00000147D44713C0 49] iPadPro129, [00000147E2DD7000][00000147D4475540 49] iPadPro97, [00000147E2D58F00][00000147E21696C0 49] iPadPro2_129, [00000147E2DD4C00][00000147E2307840 49] iPad5, [00000147E2D5BB00][00000147E218D9C0 49] iPad6, [00000147E2DD4400][00000147E230BB40 49] iPad7, [00000147E2D5BE00][00000147E230E140 49] iPad8, [00000147E2DD5B00][00000147E23122C0 49] iPadPro11, [00000147E2D5A400][00000147DAF94440 49] iPadPro2_11, [00000147E2DD4800][00000147D746E5C0 49] iPadPro3_129, [00000147E2D5A800][00000147D7472740 49] iPadPro4_129, [00000147E2DD6F00][00000147E23168C0 49] AppleTV, [00000147E2D59200][00000147E231AA40 49] AppleTV4K, [00000147E2DD5700][00000147E231EBC0 49] TVOS, [00000147E2D5B600][00000147D6CF6D40 49] Mac, [00000147E2DD7A00][00000147D4768E80 49] MacClient, [00000147E2D5A500][00000147D6CFAFC0 49] MacNoEditor, [00000147E2DD4500][00000147D6D03100 49] MacServer, [00000147E2D5A000][00000147E2545280 49] Linux, [00000147E2DD7B00][00000147E254D400 49] LinuxAArch64, [00000147E2D58300][00000147E2551580 49] LinuxNoEditor, [00000147E2DD7700][00000147E2555700 49] LinuxAArch64NoEditor, [00000147E2D5A600][00000147E2559880 49] LinuxClient, [00000147E2DD6600][00000147E2565A00 49] LinuxAArch64Client, [00000147E2D59A00][00000147E2569B80 49] LinuxServer, [00000147E2DD4200][00000147E259C180 49] LinuxAArch64Server, [00000147E2D59600][00000147E1C2A300 49] Android, [00000147E2DD6100][00000147E1C38480 49] Android_Low, [00000147E2D5B800][00000147E1C3C600 49] Android_Mid, [00000147E2DD4600][00000147E1C40780 49] Android_High, [00000147E2D5A300][00000147E22B6900 49] Android_Default, [00000147E2DD6300][00000147E22BAA80 49] Android_Adreno4xx, [00000147E2D5B000][00000147E22BEC00 49] Android_Adreno5xx_Low, [00000147E2DD6A00][00000147E22C2D80 49] Android_Adreno5xx, [00000147E2D58100][00000147E22C6F00 49] Android_Adreno6xx, [00000147E2DD4B00][00000147E2541040 49] Android_Adreno6xx_Vulkan, [00000147E2D58A00][00000147E22CB180 49] Android_Mali_T6xx, [00000147E2DD4700][00000147E22CF2C0 49] Android_Mali_T7xx, [00000147E2D95C00][00000147E22D7440 49] Android_Mali_T8xx, [00000147E2D6C300][00000147E22EF5C0 49] Android_Mali_G71, [00000147E2D94600][00000147E22FB740 49] Android_Mali_G72, [00000147E2D6D200][00000147D6CE18C0 49] Android_Mali_G72_Vulkan, [00000147E2D95400][00000147E22FFA40 49] Android_Mali_G76, [00000147E2D6C700][00000147E2303BC0 49] Android_Mali_G76_Vulkan, [00000147E2D97F00][00000147E1FC61C0 49] Android_Mali_G77, [00000147E2D6FB00][00000147E200C340 49] Android_Mali_G77_Vulkan, [00000147E2D95D00][00000147E20104C0 49] Android_Mali_G78, [00000147E2D6F100][00000147E2018640 49] Android_Mali_G78_Vulkan, [00000147E2D97B00][00000147E201C7C0 49] Android_Mali_G710, [00000147E2D6EC00][00000147E2020940 49] Android_Mali_G710_Vulkan, [00000147E2D97800][00000147E2024AC0 49] Android_Vulkan_SM5, [00000147E2D6F800][00000147E2028C40 49] Android_PowerVR_G6xxx, [00000147E2D95B00][00000147E202CDC0 49] Android_PowerVR_GT7xxx, [00000147E2D6DD00][00000147E216CF40 49] Android_PowerVR_GE8xxx, [00000147E2D96F00][00000147E25610C0 49] Android_PowerVR_GM9xxx, [00000147E2D6C800][00000147E22D3200 49] Android_PowerVR_GM9xxx_Vulkan, [00000147E2D95E00][00000147D745B340 49] Android_TegraK1, [00000147E2D6D000][00000147D745F480 49] Android_Unknown_Vulkan, [00000147E2D96500][00000147E20155C0 49] Lumin, [00000147E2D6FE00][00000147D7467740 49] Lumin_Desktop, [00000147E2D96D00][00000147D746B8C0 49] HoloLens, 
[2024.05.26-11.03.50:310][  0]LogMeshReduction: Using QuadricMeshReduction for automatic static mesh reduction
[2024.05.26-11.03.50:310][  0]LogMeshReduction: Using SimplygonMeshReduction for automatic skeletal mesh reduction
[2024.05.26-11.03.50:310][  0]LogMeshReduction: Using ProxyLODMeshReduction for automatic mesh merging
[2024.05.26-11.03.50:310][  0]LogMeshReduction: No distributed automatic mesh merging module available
[2024.05.26-11.03.50:310][  0]LogMeshMerging: No distributed automatic mesh merging module available
[2024.05.26-11.03.50:321][  0]LogNetVersion: JungleProject 1.0.0, NetCL: 17155196, EngineNetVer: 17, GameNetVer: 0 (Checksum: 601082610)
[2024.05.26-11.03.50:588][  0]LogTexture: Default maximum texture size for cubemaps generated from long-lat sources has been changed from 512 to unlimited. In order to preserve old behaiour for '/Engine/MapTemplates/Sky/DaylightAmbientCubemap.DaylightAmbientCubemap', its maximum texture size has been explicitly set to 512.
[2024.05.26-11.03.50:634][  0]LogHMD: PokeAHoleMaterial loaded successfully
[2024.05.26-11.03.50:638][  0]LogUObjectArray: 17178 objects as part of root set at end of initial load.
[2024.05.26-11.03.50:638][  0]LogUObjectAllocator: 4302048 out of 0 bytes used by permanent object pool.
[2024.05.26-11.03.50:638][  0]LogUObjectArray: CloseDisregardForGC: 0/0 objects in disregard for GC pool
[2024.05.26-11.03.50:812][  0]LogNiagaraDebuggerClient: Niagara Debugger Client Initialized | Session: D2217B91476E2999357B8788E305BA8D | Instance: F82CA7244848BE6266B4D2905F51E9DB (DESKTOP-0QKQHTO-15596).
[2024.05.26-11.03.50:835][  0]LogPython: Using Python 3.7.7
[2024.05.26-11.03.51:262][  0]LogTcpMessaging: Initializing TcpMessaging bridge
[2024.05.26-11.03.51:265][  0]LogUdpMessaging: Initializing bridge on interface 0.0.0.0:0 to multicast group 230.0.0.1:6666.
[2024.05.26-11.03.51:352][  0]SourceControl: Source control is disabled
[2024.05.26-11.03.51:352][  0]SourceControl: Source control is disabled
[2024.05.26-11.03.51:354][  0]SourceControl: Source control is disabled
[2024.05.26-11.03.51:356][  0]SourceControl: Source control is disabled
[2024.05.26-11.03.51:360][  0]LogUProjectInfo: Found projects:
[2024.05.26-11.03.51:367][  0]LogVSAccessor: Display: Unable to create Visual Studio setup instance: 80040154
[2024.05.26-11.03.51:368][  0]LogVSAccessor: Display: Unable to create Visual Studio setup instance: 80040154
[2024.05.26-11.03.51:368][  0]LogVSAccessor: Display: Unable to create Visual Studio setup instance: 80040154
[2024.05.26-11.03.51:370][  0]SourceControl: Source control is disabled
[2024.05.26-11.03.51:487][  0]LogOpenImageDenoise: OIDN starting up
[2024.05.26-11.03.51:518][  0]LogAndroidPermission: UAndroidPermissionCallbackProxy::GetInstance
[2024.05.26-11.03.51:531][  0]LogAudioCaptureCore: Display: No Audio Capture implementations found. Audio input will be silent.
[2024.05.26-11.03.51:531][  0]LogAudioCaptureCore: Display: No Audio Capture implementations found. Audio input will be silent.
[2024.05.26-11.03.51:609][  0]LogCollectionManager: Loaded 0 collections in 0.000423 seconds
[2024.05.26-11.03.51:626][  0]LogFileCache: Scanning file cache for directory 'D:/UNREAL/UniversityGame/ForestProject/JungleProject/Saved/Collections/' took 0.00s
[2024.05.26-11.03.51:626][  0]LogFileCache: Scanning file cache for directory 'D:/UNREAL/UniversityGame/ForestProject/JungleProject/Content/Developers/BLACKRAYANE/Collections/' took 0.00s
[2024.05.26-11.03.51:626][  0]LogFileCache: Scanning file cache for directory 'D:/UNREAL/UniversityGame/ForestProject/JungleProject/Content/Collections/' took 0.00s
[2024.05.26-11.03.51:626][  0]LogOcInput: OculusInput pre-init called
[2024.05.26-11.03.51:785][  0]LogEngine: Initializing Engine...
[2024.05.26-11.03.51:786][  0]LogHMD: Failed to enumerate extensions. Please check that you have a valid OpenXR runtime installed.
[2024.05.26-11.03.51:787][  0]LogHMD: Failed to initialize OpenVR with code 110
[2024.05.26-11.03.51:787][  0]LogMagicLeap: Warning: VR disabled because ZI is not enabled.  To enable, in the editor, Edit -> Project Settings -> Plugins -> Magic Leap Plugin -> Enable Zero Iteration
[2024.05.26-11.03.51:787][  0]LogStats: UGameplayTagsManager::InitializeManager -  0.000 s
[2024.05.26-11.03.51:868][  0]LogInit: Initializing FReadOnlyCVARCache
[2024.05.26-11.03.51:873][  0]LogAIModule: Creating AISystem for world Untitled
[2024.05.26-11.03.51:880][  0]LogAudio: Display: Initializing Audio Device Manager...
[2024.05.26-11.03.51:883][  0]LogAudio: Display: Loading Default Audio Settings Objects...
[2024.05.26-11.03.51:883][  0]LogAudio: Display: No default SoundConcurrencyObject specified (or failed to load).
[2024.05.26-11.03.51:883][  0]LogAudio: Display: Audio Device Manager Initialized
[2024.05.26-11.03.51:883][  0]LogAudio: Display: Creating Audio Device:                 Id: 1, Scope: Shared, Realtime: True
[2024.05.26-11.03.51:883][  0]LogAudioMixer: Display: Audio Mixer Platform Settings:
[2024.05.26-11.03.51:883][  0]LogAudioMixer: Display: 	Sample Rate:						  48000
[2024.05.26-11.03.51:883][  0]LogAudioMixer: Display: 	Callback Buffer Frame Size Requested: 1024
[2024.05.26-11.03.51:883][  0]LogAudioMixer: Display: 	Callback Buffer Frame Size To Use:	  1024
[2024.05.26-11.03.51:883][  0]LogAudioMixer: Display: 	Number of buffers to queue:			  2
[2024.05.26-11.03.51:883][  0]LogAudioMixer: Display: 	Max Channels (voices):				  32
[2024.05.26-11.03.51:883][  0]LogAudioMixer: Display: 	Number of Async Source Workers:		  0
[2024.05.26-11.03.51:883][  0]LogAudio: Display: AudioDevice MaxSources: 32
[2024.05.26-11.03.51:884][  0]LogAudio: Display: Audio Spatialization Plugin: None (built-in).
[2024.05.26-11.03.51:884][  0]LogAudio: Display: Audio Reverb Plugin: None (built-in).
[2024.05.26-11.03.51:884][  0]LogAudio: Display: Audio Occlusion Plugin: None (built-in).
[2024.05.26-11.03.51:884][  0]LogAudioMixer: Display: Initializing audio mixer.
[2024.05.26-11.03.51:890][  0]LogAudioMixer: Display: 0: FrontLeft
[2024.05.26-11.03.51:890][  0]LogAudioMixer: Display: 1: FrontRight
[2024.05.26-11.03.51:925][  0]LogAudioMixer: Display: Using Audio Device Speakers (Realtek(R) Audio)
[2024.05.26-11.03.51:927][  0]LogAudioMixer: Display: Initializing Sound Submixes...
[2024.05.26-11.03.51:928][  0]LogAudioMixer: Display: Creating Master Submix 'MasterSubmixDefault'
[2024.05.26-11.03.51:928][  0]LogAudioMixer: Display: Creating Master Submix 'MasterReverbSubmixDefault'
[2024.05.26-11.03.51:929][  0]LogAudioMixer: Display: Creating Master Submix 'MasterEQSubmixDefault'
[2024.05.26-11.03.51:929][  0]LogAudioMixer: FMixerPlatformXAudio2::StartAudioStream() called
[2024.05.26-11.03.51:929][  0]LogAudioMixer: Display: Output buffers initialized: Frames=1024, Channels=2, Samples=2048
[2024.05.26-11.03.51:930][  0]LogAudioMixer: Display: Starting AudioMixerPlatformInterface::RunInternal()
[2024.05.26-11.03.51:930][  0]LogAudioMixer: Display: FMixerPlatformXAudio2::SubmitBuffer() called for the first time
[2024.05.26-11.03.51:930][  0]LogInit: FAudioDevice initialized.
[2024.05.26-11.03.51:930][  0]LogAudio: Display: Audio Device (ID: 1) registered with world 'Untitled'.
[2024.05.26-11.03.51:930][  0]LogNetVersion: Set ProjectVersion to 1.0.0.0. Version Checksum will be recalculated on next use.
[2024.05.26-11.03.51:976][  0]LogDerivedDataCache: Saved boot cache 0.05s 94MB C:/Users/BLACK-RAYANE/AppData/Local/UnrealEngine/4.27/DerivedDataCache/Boot.ddc.
[2024.05.26-11.03.51:977][  0]LogInit: Texture streaming: Enabled
[2024.05.26-11.03.51:985][  0]LogAnalytics: Display: [UEEditor.Rocket.Release] APIServer = https://datarouter.ol.epicgames.com/. AppVersion = 4.27.2-18319896+++UE4+Release-4.27
[2024.05.26-11.03.51:987][  0]LogEngineSessionManager: EngineSessionManager initialized
[2024.05.26-11.03.51:987][  0]LogEditorSessionSummary: Verbose: Initializing EditorSessionSummaryWriter for editor session tracking
[2024.05.26-11.03.51:988][  0]LogEditorSessionSummary: EditorSessionSummaryWriter initialized
[2024.05.26-11.03.52:005][  0]LogInit: Transaction tracking system initialized
[2024.05.26-11.03.52:017][  0]BlueprintLog: New page: Editor Load
[2024.05.26-11.03.52:055][  0]LocalizationService: Localization service is disabled
[2024.05.26-11.03.52:069][  0]TimingProfiler: Initialize
[2024.05.26-11.03.52:069][  0]TimingProfiler: OnSessionChanged
[2024.05.26-11.03.52:069][  0]LoadingProfiler: Initialize
[2024.05.26-11.03.52:069][  0]LoadingProfiler: OnSessionChanged
[2024.05.26-11.03.52:069][  0]NetworkingProfiler: Initialize
[2024.05.26-11.03.52:069][  0]NetworkingProfiler: OnSessionChanged
[2024.05.26-11.03.52:069][  0]MemoryProfiler: Initialize
[2024.05.26-11.03.52:069][  0]MemoryProfiler: OnSessionChanged
[2024.05.26-11.03.52:106][  0]LogVSAccessor: Display: Unable to create Visual Studio setup instance: 80040154
[2024.05.26-11.03.52:106][  0]LogVSAccessor: Display: Unable to create Visual Studio setup instance: 80040154
[2024.05.26-11.03.52:107][  0]LogVSAccessor: Display: Unable to create Visual Studio setup instance: 80040154
[2024.05.26-11.03.52:166][  0]LogCook: Display: CookSettings for Memory: MemoryMaxUsedVirtual 0MiB, MemoryMaxUsedPhysical 16384MiB, MemoryMinFreeVirtual 0MiB, MemoryMinFreePhysical 1024MiB
[2024.05.26-11.03.52:166][  0]LogCook: Display: Mobile HDR setting 1
[2024.05.26-11.03.52:287][  0]LogFileCache: Scanning file cache for directory 'D:/UNREAL/UniversityGame/ForestProject/JungleProject/Content/' took 0.00s
[2024.05.26-11.03.52:409][  0]LogInit: Display: Engine is initialized. Leaving FEngineLoop::Init()
[2024.05.26-11.03.52:411][  0]SourceControl: Source control is disabled
[2024.05.26-11.03.52:411][  0]LogUnrealEdMisc: Loading editor; pre map load, took 4.468
[2024.05.26-11.03.52:411][  0]Cmd: MAP LOAD FILE="../../../../../../../UNREAL/UniversityGame/ForestProject/JungleProject/Content/StarterContent/Maps/Minimal_Default.umap" TEMPLATE=0 SHOWPROGRESS=1 FEATURELEVEL=3
[2024.05.26-11.03.52:411][  0]LightingResults: New page: Lighting Build
[2024.05.26-11.03.52:412][  0]LogWorld: UWorld::CleanupWorld for Untitled, bSessionEnded=true, bCleanupResources=true
[2024.05.26-11.03.52:413][  0]LogSlate: InvalidateAllWidgets triggered.  All widgets were invalidated
[2024.05.26-11.03.52:413][  0]MapCheck: New page: Map Check
[2024.05.26-11.03.52:413][  0]LightingResults: New page: Lighting Build
[2024.05.26-11.03.52:416][  0]LogAudio: Display: Audio Device unregistered from world 'None'.
[2024.05.26-11.03.52:418][  0]LogUObjectHash: Compacting FUObjectHashTables data took   0.59ms
[2024.05.26-11.03.52:641][  0]LogStaticMesh: Warning: Mesh Tree03_2 is recomputing physics on load. It must be resaved before it will cook deterministically. Please resave /Game/NaturePackage/Meshes/flora/Tree03_2.Tree03_2.
[2024.05.26-11.03.52:647][  0]LogStaticMesh: Warning: Mesh Tree07_2 is recomputing physics on load. It must be resaved before it will cook deterministically. Please resave /Game/NaturePackage/Meshes/flora/Tree07_2.Tree07_2.
[2024.05.26-11.03.52:662][  0]LogStaticMesh: Warning: Mesh Tree06_2 is recomputing physics on load. It must be resaved before it will cook deterministically. Please resave /Game/NaturePackage/Meshes/flora/Tree06_2.Tree06_2.
[2024.05.26-11.03.52:672][  0]LogStaticMesh: Warning: Mesh Tree05_2 is recomputing physics on load. It must be resaved before it will cook deterministically. Please resave /Game/NaturePackage/Meshes/flora/Tree05_2.Tree05_2.
[2024.05.26-11.03.52:688][  0]LogStaticMesh: Warning: Mesh Tree02_2 is recomputing physics on load. It must be resaved before it will cook deterministically. Please resave /Game/NaturePackage/Meshes/flora/Tree02_2.Tree02_2.
[2024.05.26-11.03.52:702][  0]LogStaticMesh: Warning: Mesh Conifer5 is recomputing physics on load. It must be resaved before it will cook deterministically. Please resave /Game/NaturePackage/Meshes/flora/Conifer5.Conifer5.
[2024.05.26-11.03.52:708][  0]LogStaticMesh: Warning: Mesh Conifer1 is recomputing physics on load. It must be resaved before it will cook deterministically. Please resave /Game/NaturePackage/Meshes/flora/Conifer1.Conifer1.
[2024.05.26-11.03.52:802][  0]LogAudio: Display: Audio Device (ID: 1) registered with world 'Minimal_Default'.
[2024.05.26-11.03.52:803][  0]LogAIModule: Creating AISystem for world Minimal_Default
[2024.05.26-11.03.52:838][  0]LogEditorServer: Finished looking for orphan Actors (0.000 secs)
[2024.05.26-11.03.52:855][  0]LogUObjectHash: Compacting FUObjectHashTables data took   0.62ms
[2024.05.26-11.03.52:855][  0]Cmd: MAP CHECKDEP NOCLEARLOG
[2024.05.26-11.03.52:856][  0]MapCheck: Map check complete: ۰ Error(s), ۰ Warning(s), took ۰٫۱ms to complete.
[2024.05.26-11.03.52:856][  0]LogFileHelpers: Loading map 'Minimal_Default' took 0.444
[2024.05.26-11.03.52:857][  0]LogUnrealEdMisc: Total Editor Startup Time, took 4.913
[2024.05.26-11.03.52:943][  0]LogSlate: Updating window title bar state: overlay mode, drag disabled, window buttons hidden, title bar hidden
[2024.05.26-11.03.52:947][  0]LogSlate: Updating window title bar state: overlay mode, drag disabled, window buttons hidden, title bar hidden
[2024.05.26-11.03.52:951][  0]LogSlate: Updating window title bar state: overlay mode, drag disabled, window buttons hidden, title bar hidden
[2024.05.26-11.03.52:956][  0]LogSlate: Updating window title bar state: overlay mode, drag disabled, window buttons hidden, title bar hidden
[2024.05.26-11.03.52:966][  0]LogNativeClassHierarchy: Verbose: Native class hierarchy populated in 0.0074 seconds. Added 3822 classes and 928 folders.
[2024.05.26-11.03.52:968][  0]LogNativeClassHierarchy: Verbose: Native class hierarchy updated for 'WidgetCarousel' in 0.0002 seconds. Added 0 classes and 0 folders.
[2024.05.26-11.03.52:969][  0]LogPakFile: PakFile PrimaryIndexSize=187
[2024.05.26-11.03.52:969][  0]LogPakFile: PakFile PathHashIndexSize=101
[2024.05.26-11.03.52:969][  0]LogPakFile: PakFile FullDirectoryIndexSize=148
[2024.05.26-11.03.52:969][  0]LogShaderLibrary: Display: ShaderCodeLibraryPakFileMountedCallback: PakFile 'D:/4.27/UE_4.27/UE_4.27/UE_4.27/FeaturePacks/FP_FirstPerson.upack' (chunk index -1, root 'root:/') mounted
[2024.05.26-11.03.52:969][  0]LogShaderLibrary: Display: ShaderCodeLibraryPakFileMountedCallback: pending pak file info (ChunkID:-1 Root:root:/ File:D:/4.27/UE_4.27/UE_4.27/UE_4.27/FeaturePacks/FP_FirstPerson.upack)
[2024.05.26-11.03.52:969][  0]LogPakFile: OnPakFileMounted2Time == 0.000043
[2024.05.26-11.03.52:969][  0]LogPakFile: PakFile PrimaryIndexSize=189
[2024.05.26-11.03.52:969][  0]LogPakFile: PakFile PathHashIndexSize=101
[2024.05.26-11.03.52:969][  0]LogPakFile: PakFile FullDirectoryIndexSize=152
[2024.05.26-11.03.52:969][  0]LogShaderLibrary: Display: ShaderCodeLibraryPakFileMountedCallback: PakFile 'D:/4.27/UE_4.27/UE_4.27/UE_4.27/FeaturePacks/FP_FirstPersonBP.upack' (chunk index -1, root 'root:/') mounted
[2024.05.26-11.03.52:969][  0]LogShaderLibrary: Display: ShaderCodeLibraryPakFileMountedCallback: pending pak file info (ChunkID:-1 Root:root:/ File:D:/4.27/UE_4.27/UE_4.27/UE_4.27/FeaturePacks/FP_FirstPersonBP.upack)
[2024.05.26-11.03.52:969][  0]LogPakFile: OnPakFileMounted2Time == 0.000026
[2024.05.26-11.03.52:970][  0]LogPakFile: PakFile PrimaryIndexSize=191
[2024.05.26-11.03.52:970][  0]LogPakFile: PakFile PathHashIndexSize=101
[2024.05.26-11.03.52:970][  0]LogPakFile: PakFile FullDirectoryIndexSize=160
[2024.05.26-11.03.52:970][  0]LogShaderLibrary: Display: ShaderCodeLibraryPakFileMountedCallback: PakFile 'D:/4.27/UE_4.27/UE_4.27/UE_4.27/FeaturePacks/MobileStarterContent.upack' (chunk index -1, root 'root:/') mounted
[2024.05.26-11.03.52:970][  0]LogShaderLibrary: Display: ShaderCodeLibraryPakFileMountedCallback: pending pak file info (ChunkID:-1 Root:root:/ File:D:/4.27/UE_4.27/UE_4.27/UE_4.27/FeaturePacks/MobileStarterContent.upack)
[2024.05.26-11.03.52:970][  0]LogPakFile: OnPakFileMounted2Time == 0.000024
[2024.05.26-11.03.52:970][  0]LogPakFile: PakFile PrimaryIndexSize=185
[2024.05.26-11.03.52:970][  0]LogPakFile: PakFile PathHashIndexSize=101
[2024.05.26-11.03.52:970][  0]LogPakFile: PakFile FullDirectoryIndexSize=148
[2024.05.26-11.03.52:970][  0]LogShaderLibrary: Display: ShaderCodeLibraryPakFileMountedCallback: PakFile 'D:/4.27/UE_4.27/UE_4.27/UE_4.27/FeaturePacks/StarterContent.upack' (chunk index -1, root 'root:/') mounted
[2024.05.26-11.03.52:970][  0]LogShaderLibrary: Display: ShaderCodeLibraryPakFileMountedCallback: pending pak file info (ChunkID:-1 Root:root:/ File:D:/4.27/UE_4.27/UE_4.27/UE_4.27/FeaturePacks/StarterContent.upack)
[2024.05.26-11.03.52:970][  0]LogPakFile: OnPakFileMounted2Time == 0.000025
[2024.05.26-11.03.52:970][  0]LogPakFile: PakFile PrimaryIndexSize=190
[2024.05.26-11.03.52:970][  0]LogPakFile: PakFile PathHashIndexSize=101
[2024.05.26-11.03.52:970][  0]LogPakFile: PakFile FullDirectoryIndexSize=154
[2024.05.26-11.03.52:970][  0]LogShaderLibrary: Display: ShaderCodeLibraryPakFileMountedCallback: PakFile 'D:/4.27/UE_4.27/UE_4.27/UE_4.27/FeaturePacks/TP_2DSideScroller.upack' (chunk index -1, root 'root:/') mounted
[2024.05.26-11.03.52:970][  0]LogShaderLibrary: Display: ShaderCodeLibraryPakFileMountedCallback: pending pak file info (ChunkID:-1 Root:root:/ File:D:/4.27/UE_4.27/UE_4.27/UE_4.27/FeaturePacks/TP_2DSideScroller.upack)
[2024.05.26-11.03.52:970][  0]LogPakFile: OnPakFileMounted2Time == 0.000024
[2024.05.26-11.03.52:971][  0]LogPakFile: PakFile PrimaryIndexSize=192
[2024.05.26-11.03.52:971][  0]LogPakFile: PakFile PathHashIndexSize=101
[2024.05.26-11.03.52:971][  0]LogPakFile: PakFile FullDirectoryIndexSize=158
[2024.05.26-11.03.52:971][  0]LogShaderLibrary: Display: ShaderCodeLibraryPakFileMountedCallback: PakFile 'D:/4.27/UE_4.27/UE_4.27/UE_4.27/FeaturePacks/TP_2DSideScrollerBP.upack' (chunk index -1, root 'root:/') mounted
[2024.05.26-11.03.52:971][  0]LogShaderLibrary: Display: ShaderCodeLibraryPakFileMountedCallback: pending pak file info (ChunkID:-1 Root:root:/ File:D:/4.27/UE_4.27/UE_4.27/UE_4.27/FeaturePacks/TP_2DSideScrollerBP.upack)
[2024.05.26-11.03.52:971][  0]LogPakFile: OnPakFileMounted2Time == 0.000023
[2024.05.26-11.03.52:971][  0]LogPakFile: PakFile PrimaryIndexSize=182
[2024.05.26-11.03.52:971][  0]LogPakFile: PakFile PathHashIndexSize=101
[2024.05.26-11.03.52:971][  0]LogPakFile: PakFile FullDirectoryIndexSize=138
[2024.05.26-11.03.52:971][  0]LogShaderLibrary: Display: ShaderCodeLibraryPakFileMountedCallback: PakFile 'D:/4.27/UE_4.27/UE_4.27/UE_4.27/FeaturePacks/TP_Flying.upack' (chunk index -1, root 'root:/') mounted
[2024.05.26-11.03.52:971][  0]LogShaderLibrary: Display: ShaderCodeLibraryPakFileMountedCallback: pending pak file info (ChunkID:-1 Root:root:/ File:D:/4.27/UE_4.27/UE_4.27/UE_4.27/FeaturePacks/TP_Flying.upack)
[2024.05.26-11.03.52:971][  0]LogPakFile: OnPakFileMounted2Time == 0.000022
[2024.05.26-11.03.52:971][  0]LogPakFile: PakFile PrimaryIndexSize=184
[2024.05.26-11.03.52:971][  0]LogPakFile: PakFile PathHashIndexSize=101
[2024.05.26-11.03.52:971][  0]LogPakFile: PakFile FullDirectoryIndexSize=142
[2024.05.26-11.03.52:971][  0]LogShaderLibrary: Display: ShaderCodeLibraryPakFileMountedCallback: PakFile 'D:/4.27/UE_4.27/UE_4.27/UE_4.27/FeaturePacks/TP_FlyingBP.upack' (chunk index -1, root 'root:/') mounted
[2024.05.26-11.03.52:971][  0]LogShaderLibrary: Display: ShaderCodeLibraryPakFileMountedCallback: pending pak file info (ChunkID:-1 Root:root:/ File:D:/4.27/UE_4.27/UE_4.27/UE_4.27/FeaturePacks/TP_FlyingBP.upack)
[2024.05.26-11.03.52:971][  0]LogPakFile: OnPakFileMounted2Time == 0.000022
[2024.05.26-11.03.52:972][  0]LogPakFile: PakFile PrimaryIndexSize=188
[2024.05.26-11.03.52:972][  0]LogPakFile: PakFile PathHashIndexSize=101
[2024.05.26-11.03.52:972][  0]LogPakFile: PakFile FullDirectoryIndexSize=150
[2024.05.26-11.03.52:972][  0]LogShaderLibrary: Display: ShaderCodeLibraryPakFileMountedCallback: PakFile 'D:/4.27/UE_4.27/UE_4.27/UE_4.27/FeaturePacks/TP_HandheldARBP.upack' (chunk index -1, root 'root:/') mounted
[2024.05.26-11.03.52:972][  0]LogShaderLibrary: Display: ShaderCodeLibraryPakFileMountedCallback: pending pak file info (ChunkID:-1 Root:root:/ File:D:/4.27/UE_4.27/UE_4.27/UE_4.27/FeaturePacks/TP_HandheldARBP.upack)
[2024.05.26-11.03.52:972][  0]LogPakFile: OnPakFileMounted2Time == 0.000024
[2024.05.26-11.03.52:972][  0]LogPakFile: PakFile PrimaryIndexSize=182
[2024.05.26-11.03.52:972][  0]LogPakFile: PakFile PathHashIndexSize=101
[2024.05.26-11.03.52:972][  0]LogPakFile: PakFile FullDirectoryIndexSize=138
[2024.05.26-11.03.52:972][  0]LogShaderLibrary: Display: ShaderCodeLibraryPakFileMountedCallback: PakFile 'D:/4.27/UE_4.27/UE_4.27/UE_4.27/FeaturePacks/TP_Puzzle.upack' (chunk index -1, root 'root:/') mounted
[2024.05.26-11.03.52:972][  0]LogShaderLibrary: Display: ShaderCodeLibraryPakFileMountedCallback: pending pak file info (ChunkID:-1 Root:root:/ File:D:/4.27/UE_4.27/UE_4.27/UE_4.27/FeaturePacks/TP_Puzzle.upack)
[2024.05.26-11.03.52:972][  0]LogPakFile: OnPakFileMounted2Time == 0.000023
[2024.05.26-11.03.52:972][  0]LogPakFile: PakFile PrimaryIndexSize=184
[2024.05.26-11.03.52:972][  0]LogPakFile: PakFile PathHashIndexSize=101
[2024.05.26-11.03.52:972][  0]LogPakFile: PakFile FullDirectoryIndexSize=142
[2024.05.26-11.03.52:972][  0]LogShaderLibrary: Display: ShaderCodeLibraryPakFileMountedCallback: PakFile 'D:/4.27/UE_4.27/UE_4.27/UE_4.27/FeaturePacks/TP_PuzzleBP.upack' (chunk index -1, root 'root:/') mounted
[2024.05.26-11.03.52:972][  0]LogShaderLibrary: Display: ShaderCodeLibraryPakFileMountedCallback: pending pak file info (ChunkID:-1 Root:root:/ File:D:/4.27/UE_4.27/UE_4.27/UE_4.27/FeaturePacks/TP_PuzzleBP.upack)
[2024.05.26-11.03.52:972][  0]LogPakFile: OnPakFileMounted2Time == 0.000024
[2024.05.26-11.03.52:973][  0]LogPakFile: PakFile PrimaryIndexSize=183
[2024.05.26-11.03.52:973][  0]LogPakFile: PakFile PathHashIndexSize=101
[2024.05.26-11.03.52:973][  0]LogPakFile: PakFile FullDirectoryIndexSize=140
[2024.05.26-11.03.52:973][  0]LogShaderLibrary: Display: ShaderCodeLibraryPakFileMountedCallback: PakFile 'D:/4.27/UE_4.27/UE_4.27/UE_4.27/FeaturePacks/TP_Rolling.upack' (chunk index -1, root 'root:/') mounted
[2024.05.26-11.03.52:973][  0]LogShaderLibrary: Display: ShaderCodeLibraryPakFileMountedCallback: pending pak file info (ChunkID:-1 Root:root:/ File:D:/4.27/UE_4.27/UE_4.27/UE_4.27/FeaturePacks/TP_Rolling.upack)
[2024.05.26-11.03.52:973][  0]LogPakFile: OnPakFileMounted2Time == 0.000022
[2024.05.26-11.03.52:973][  0]LogPakFile: PakFile PrimaryIndexSize=185
[2024.05.26-11.03.52:973][  0]LogPakFile: PakFile PathHashIndexSize=101
[2024.05.26-11.03.52:973][  0]LogPakFile: PakFile FullDirectoryIndexSize=144
[2024.05.26-11.03.52:973][  0]LogShaderLibrary: Display: ShaderCodeLibraryPakFileMountedCallback: PakFile 'D:/4.27/UE_4.27/UE_4.27/UE_4.27/FeaturePacks/TP_RollingBP.upack' (chunk index -1, root 'root:/') mounted
[2024.05.26-11.03.52:973][  0]LogShaderLibrary: Display: ShaderCodeLibraryPakFileMountedCallback: pending pak file info (ChunkID:-1 Root:root:/ File:D:/4.27/UE_4.27/UE_4.27/UE_4.27/FeaturePacks/TP_RollingBP.upack)
[2024.05.26-11.03.52:973][  0]LogPakFile: OnPakFileMounted2Time == 0.000023
[2024.05.26-11.03.52:973][  0]LogPakFile: PakFile PrimaryIndexSize=188
[2024.05.26-11.03.52:973][  0]LogPakFile: PakFile PathHashIndexSize=101
[2024.05.26-11.03.52:973][  0]LogPakFile: PakFile FullDirectoryIndexSize=150
[2024.05.26-11.03.52:973][  0]LogShaderLibrary: Display: ShaderCodeLibraryPakFileMountedCallback: PakFile 'D:/4.27/UE_4.27/UE_4.27/UE_4.27/FeaturePacks/TP_SideScroller.upack' (chunk index -1, root 'root:/') mounted
[2024.05.26-11.03.52:973][  0]LogShaderLibrary: Display: ShaderCodeLibraryPakFileMountedCallback: pending pak file info (ChunkID:-1 Root:root:/ File:D:/4.27/UE_4.27/UE_4.27/UE_4.27/FeaturePacks/TP_SideScroller.upack)
[2024.05.26-11.03.52:973][  0]LogPakFile: OnPakFileMounted2Time == 0.000023
[2024.05.26-11.03.52:973][  0]LogPakFile: PakFile PrimaryIndexSize=190
[2024.05.26-11.03.52:973][  0]LogPakFile: PakFile PathHashIndexSize=101
[2024.05.26-11.03.52:973][  0]LogPakFile: PakFile FullDirectoryIndexSize=154
[2024.05.26-11.03.52:974][  0]LogShaderLibrary: Display: ShaderCodeLibraryPakFileMountedCallback: PakFile 'D:/4.27/UE_4.27/UE_4.27/UE_4.27/FeaturePacks/TP_SideScrollerBP.upack' (chunk index -1, root 'root:/') mounted
[2024.05.26-11.03.52:974][  0]LogShaderLibrary: Display: ShaderCodeLibraryPakFileMountedCallback: pending pak file info (ChunkID:-1 Root:root:/ File:D:/4.27/UE_4.27/UE_4.27/UE_4.27/FeaturePacks/TP_SideScrollerBP.upack)
[2024.05.26-11.03.52:974][  0]LogPakFile: OnPakFileMounted2Time == 0.000021
[2024.05.26-11.03.52:974][  0]LogPakFile: PakFile PrimaryIndexSize=187
[2024.05.26-11.03.52:974][  0]LogPakFile: PakFile PathHashIndexSize=101
[2024.05.26-11.03.52:974][  0]LogPakFile: PakFile FullDirectoryIndexSize=148
[2024.05.26-11.03.52:974][  0]LogShaderLibrary: Display: ShaderCodeLibraryPakFileMountedCallback: PakFile 'D:/4.27/UE_4.27/UE_4.27/UE_4.27/FeaturePacks/TP_ThirdPerson.upack' (chunk index -1, root 'root:/') mounted
[2024.05.26-11.03.52:974][  0]LogShaderLibrary: Display: ShaderCodeLibraryPakFileMountedCallback: pending pak file info (ChunkID:-1 Root:root:/ File:D:/4.27/UE_4.27/UE_4.27/UE_4.27/FeaturePacks/TP_ThirdPerson.upack)
[2024.05.26-11.03.52:974][  0]LogPakFile: OnPakFileMounted2Time == 0.000021
[2024.05.26-11.03.52:974][  0]LogPakFile: PakFile PrimaryIndexSize=189
[2024.05.26-11.03.52:974][  0]LogPakFile: PakFile PathHashIndexSize=101
[2024.05.26-11.03.52:974][  0]LogPakFile: PakFile FullDirectoryIndexSize=152
[2024.05.26-11.03.52:974][  0]LogShaderLibrary: Display: ShaderCodeLibraryPakFileMountedCallback: PakFile 'D:/4.27/UE_4.27/UE_4.27/UE_4.27/FeaturePacks/TP_ThirdPersonBP.upack' (chunk index -1, root 'root:/') mounted
[2024.05.26-11.03.52:974][  0]LogShaderLibrary: Display: ShaderCodeLibraryPakFileMountedCallback: pending pak file info (ChunkID:-1 Root:root:/ File:D:/4.27/UE_4.27/UE_4.27/UE_4.27/FeaturePacks/TP_ThirdPersonBP.upack)
[2024.05.26-11.03.52:974][  0]LogPakFile: OnPakFileMounted2Time == 0.000022
[2024.05.26-11.03.52:974][  0]LogPakFile: PakFile PrimaryIndexSize=183
[2024.05.26-11.03.52:974][  0]LogPakFile: PakFile PathHashIndexSize=101
[2024.05.26-11.03.52:974][  0]LogPakFile: PakFile FullDirectoryIndexSize=140
[2024.05.26-11.03.52:974][  0]LogShaderLibrary: Display: ShaderCodeLibraryPakFileMountedCallback: PakFile 'D:/4.27/UE_4.27/UE_4.27/UE_4.27/FeaturePacks/TP_TopDown.upack' (chunk index -1, root 'root:/') mounted
[2024.05.26-11.03.52:974][  0]LogShaderLibrary: Display: ShaderCodeLibraryPakFileMountedCallback: pending pak file info (ChunkID:-1 Root:root:/ File:D:/4.27/UE_4.27/UE_4.27/UE_4.27/FeaturePacks/TP_TopDown.upack)
[2024.05.26-11.03.52:974][  0]LogPakFile: OnPakFileMounted2Time == 0.000026
[2024.05.26-11.03.52:975][  0]LogPakFile: PakFile PrimaryIndexSize=185
[2024.05.26-11.03.52:975][  0]LogPakFile: PakFile PathHashIndexSize=101
[2024.05.26-11.03.52:975][  0]LogPakFile: PakFile FullDirectoryIndexSize=144
[2024.05.26-11.03.52:975][  0]LogShaderLibrary: Display: ShaderCodeLibraryPakFileMountedCallback: PakFile 'D:/4.27/UE_4.27/UE_4.27/UE_4.27/FeaturePacks/TP_TopDownBP.upack' (chunk index -1, root 'root:/') mounted
[2024.05.26-11.03.52:975][  0]LogShaderLibrary: Display: ShaderCodeLibraryPakFileMountedCallback: pending pak file info (ChunkID:-1 Root:root:/ File:D:/4.27/UE_4.27/UE_4.27/UE_4.27/FeaturePacks/TP_TopDownBP.upack)
[2024.05.26-11.03.52:975][  0]LogPakFile: OnPakFileMounted2Time == 0.000025
[2024.05.26-11.03.52:975][  0]LogPakFile: PakFile PrimaryIndexSize=185
[2024.05.26-11.03.52:975][  0]LogPakFile: PakFile PathHashIndexSize=101
[2024.05.26-11.03.52:975][  0]LogPakFile: PakFile FullDirectoryIndexSize=144
[2024.05.26-11.03.52:975][  0]LogShaderLibrary: Display: ShaderCodeLibraryPakFileMountedCallback: PakFile 'D:/4.27/UE_4.27/UE_4.27/UE_4.27/FeaturePacks/TP_TwinStick.upack' (chunk index -1, root 'root:/') mounted
[2024.05.26-11.03.52:975][  0]LogShaderLibrary: Display: ShaderCodeLibraryPakFileMountedCallback: pending pak file info (ChunkID:-1 Root:root:/ File:D:/4.27/UE_4.27/UE_4.27/UE_4.27/FeaturePacks/TP_TwinStick.upack)
[2024.05.26-11.03.52:975][  0]LogPakFile: OnPakFileMounted2Time == 0.000022
[2024.05.26-11.03.52:975][  0]LogPakFile: PakFile PrimaryIndexSize=187
[2024.05.26-11.03.52:975][  0]LogPakFile: PakFile PathHashIndexSize=101
[2024.05.26-11.03.52:975][  0]LogPakFile: PakFile FullDirectoryIndexSize=148
[2024.05.26-11.03.52:975][  0]LogShaderLibrary: Display: ShaderCodeLibraryPakFileMountedCallback: PakFile 'D:/4.27/UE_4.27/UE_4.27/UE_4.27/FeaturePacks/TP_TwinStickBP.upack' (chunk index -1, root 'root:/') mounted
[2024.05.26-11.03.52:975][  0]LogShaderLibrary: Display: ShaderCodeLibraryPakFileMountedCallback: pending pak file info (ChunkID:-1 Root:root:/ File:D:/4.27/UE_4.27/UE_4.27/UE_4.27/FeaturePacks/TP_TwinStickBP.upack)
[2024.05.26-11.03.52:975][  0]LogPakFile: OnPakFileMounted2Time == 0.000022
[2024.05.26-11.03.52:975][  0]LogPakFile: PakFile PrimaryIndexSize=183
[2024.05.26-11.03.52:975][  0]LogPakFile: PakFile PathHashIndexSize=101
[2024.05.26-11.03.52:975][  0]LogPakFile: PakFile FullDirectoryIndexSize=140
[2024.05.26-11.03.52:975][  0]LogShaderLibrary: Display: ShaderCodeLibraryPakFileMountedCallback: PakFile 'D:/4.27/UE_4.27/UE_4.27/UE_4.27/FeaturePacks/TP_Vehicle.upack' (chunk index -1, root 'root:/') mounted
[2024.05.26-11.03.52:975][  0]LogShaderLibrary: Display: ShaderCodeLibraryPakFileMountedCallback: pending pak file info (ChunkID:-1 Root:root:/ File:D:/4.27/UE_4.27/UE_4.27/UE_4.27/FeaturePacks/TP_Vehicle.upack)
[2024.05.26-11.03.52:976][  0]LogPakFile: OnPakFileMounted2Time == 0.000022
[2024.05.26-11.03.52:976][  0]LogPakFile: PakFile PrimaryIndexSize=186
[2024.05.26-11.03.52:976][  0]LogPakFile: PakFile PathHashIndexSize=101
[2024.05.26-11.03.52:976][  0]LogPakFile: PakFile FullDirectoryIndexSize=146
[2024.05.26-11.03.52:976][  0]LogShaderLibrary: Display: ShaderCodeLibraryPakFileMountedCallback: PakFile 'D:/4.27/UE_4.27/UE_4.27/UE_4.27/FeaturePacks/TP_VehicleAdv.upack' (chunk index -1, root 'root:/') mounted
[2024.05.26-11.03.52:976][  0]LogShaderLibrary: Display: ShaderCodeLibraryPakFileMountedCallback: pending pak file info (ChunkID:-1 Root:root:/ File:D:/4.27/UE_4.27/UE_4.27/UE_4.27/FeaturePacks/TP_VehicleAdv.upack)
[2024.05.26-11.03.52:976][  0]LogPakFile: OnPakFileMounted2Time == 0.000022
[2024.05.26-11.03.52:976][  0]LogPakFile: PakFile PrimaryIndexSize=188
[2024.05.26-11.03.52:976][  0]LogPakFile: PakFile PathHashIndexSize=101
[2024.05.26-11.03.52:976][  0]LogPakFile: PakFile FullDirectoryIndexSize=150
[2024.05.26-11.03.52:976][  0]LogShaderLibrary: Display: ShaderCodeLibraryPakFileMountedCallback: PakFile 'D:/4.27/UE_4.27/UE_4.27/UE_4.27/FeaturePacks/TP_VehicleAdvBP.upack' (chunk index -1, root 'root:/') mounted
[2024.05.26-11.03.52:976][  0]LogShaderLibrary: Display: ShaderCodeLibraryPakFileMountedCallback: pending pak file info (ChunkID:-1 Root:root:/ File:D:/4.27/UE_4.27/UE_4.27/UE_4.27/FeaturePacks/TP_VehicleAdvBP.upack)
[2024.05.26-11.03.52:976][  0]LogPakFile: OnPakFileMounted2Time == 0.000021
[2024.05.26-11.03.52:976][  0]LogPakFile: PakFile PrimaryIndexSize=185
[2024.05.26-11.03.52:976][  0]LogPakFile: PakFile PathHashIndexSize=101
[2024.05.26-11.03.52:976][  0]LogPakFile: PakFile FullDirectoryIndexSize=144
[2024.05.26-11.03.52:976][  0]LogShaderLibrary: Display: ShaderCodeLibraryPakFileMountedCallback: PakFile 'D:/4.27/UE_4.27/UE_4.27/UE_4.27/FeaturePacks/TP_VehicleBP.upack' (chunk index -1, root 'root:/') mounted
[2024.05.26-11.03.52:976][  0]LogShaderLibrary: Display: ShaderCodeLibraryPakFileMountedCallback: pending pak file info (ChunkID:-1 Root:root:/ File:D:/4.27/UE_4.27/UE_4.27/UE_4.27/FeaturePacks/TP_VehicleBP.upack)
[2024.05.26-11.03.52:976][  0]LogPakFile: OnPakFileMounted2Time == 0.000022
[2024.05.26-11.03.52:977][  0]LogPakFile: PakFile PrimaryIndexSize=192
[2024.05.26-11.03.52:977][  0]LogPakFile: PakFile PathHashIndexSize=101
[2024.05.26-11.03.52:977][  0]LogPakFile: PakFile FullDirectoryIndexSize=158
[2024.05.26-11.03.52:977][  0]LogShaderLibrary: Display: ShaderCodeLibraryPakFileMountedCallback: PakFile 'D:/4.27/UE_4.27/UE_4.27/UE_4.27/FeaturePacks/TP_VirtualRealityBP.upack' (chunk index -1, root 'root:/') mounted
[2024.05.26-11.03.52:977][  0]LogShaderLibrary: Display: ShaderCodeLibraryPakFileMountedCallback: pending pak file info (ChunkID:-1 Root:root:/ File:D:/4.27/UE_4.27/UE_4.27/UE_4.27/FeaturePacks/TP_VirtualRealityBP.upack)
[2024.05.26-11.03.52:977][  0]LogPakFile: OnPakFileMounted2Time == 0.000022
[2024.05.26-11.03.52:995][  0]LogNativeClassHierarchy: Verbose: Native class hierarchy updated for 'AddContentDialog' in 0.0002 seconds. Added 0 classes and 0 folders.
[2024.05.26-11.03.52:996][  0]LogNativeClassHierarchy: Verbose: Native class hierarchy updated for 'SceneOutliner' in 0.0002 seconds. Added 2 classes and 0 folders.
[2024.05.26-11.03.53:037][  0]LogSlate: Took 0.000158 seconds to synchronously load lazily loaded font '../../../Engine/Content/Slate/Fonts/Roboto-Regular.ttf' (155K)
[2024.05.26-11.03.53:038][  0]LogSlate: Took 0.000104 seconds to synchronously load lazily loaded font '../../../Engine/Content/Editor/Slate/Fonts/FontAwesome.ttf' (139K)
[2024.05.26-11.03.53:039][  0]LogSlate: Took 0.000087 seconds to synchronously load lazily loaded font '../../../Engine/Content/Slate/Fonts/Roboto-Bold.ttf' (160K)
[2024.05.26-11.03.53:041][  0]LogSlate: Took 0.000080 seconds to synchronously load lazily loaded font '../../../Engine/Content/Slate/Fonts/NotoNaskhArabicUI-Regular.ttf' (144K)
[2024.05.26-11.03.53:105][  0]LogRenderer: Reallocating scene render targets to support 1076x600 Format 10 NumSamples 1 (Frame:1).
[2024.05.26-11.03.53:508][  0]LogNativeClassHierarchy: Verbose: Native class hierarchy updated for 'HierarchicalLODOutliner' in 0.0002 seconds. Added 0 classes and 0 folders.
[2024.05.26-11.03.53:508][  0]LogLoad: (Engine Initialization) Total time: 5.56 seconds
[2024.05.26-11.03.53:508][  0]LogLoad: (Engine Initialization) Total Blueprint compile time: 0.00 seconds
[2024.05.26-11.03.53:545][  0]LogAssetRegistry: Asset discovery search completed in 3.4899 seconds
[2024.05.26-11.03.53:549][  0]LogCollectionManager: Fixed up redirectors for 0 collections in 0.000003 seconds (updated 0 objects)
[2024.05.26-11.03.53:550][  0]LogContentStreaming: Texture pool size now 1000 MB
[2024.05.26-11.03.53:579][  0]LogSlate: Took 0.000081 seconds to synchronously load lazily loaded font '../../../Engine/Content/Slate/Fonts/Roboto-Light.ttf' (167K)
[2024.05.26-11.04.07:747][512]LogSlate: Took 0.000089 seconds to synchronously load lazily loaded font '../../../Engine/Content/Slate/Fonts/Roboto-Light.ttf' (167K)
[2024.05.26-11.04.51:226][664]LogAssetEditorSubsystem: Opening Asset editor for LevelScriptBlueprint /Game/StarterContent/Maps/Minimal_Default.Minimal_Default:PersistentLevel.Minimal_Default
[2024.05.26-11.04.51:416][664]LogNativeClassHierarchy: Verbose: Native class hierarchy updated for 'BlueprintGraph' in 0.0005 seconds. Added 126 classes and 0 folders.
[2024.05.26-11.04.51:986][664]LogSlate: Took 0.000148 seconds to synchronously load lazily loaded font '../../../Engine/Content/Slate/Fonts/Roboto-BoldCondensed.ttf' (158K)
[2024.05.26-11.09.18:228][959]LogUObjectHash: Compacting FUObjectHashTables data took   2.06ms
[2024.05.26-11.09.18:765][959]LogSavePackage: Moving '../../../../../../../UNREAL/UniversityGame/ForestProject/JungleProject/Saved/Minimal_Default24C8BDE047E0893C7FA05D922A45C8C1.tmp' to '../../../../../../../UNREAL/UniversityGame/ForestProject/JungleProject/Content/StarterContent/Maps/Minimal_Default.umap'
[2024.05.26-11.09.18:772][959]LogFileHelpers: Saving map 'Minimal_Default' took 0.570
[2024.05.26-11.09.18:780][959]AssetCheck: New page: Asset Save: Minimal_Default
[2024.05.26-11.09.18:780][959]LogContentValidation: Display: Validating World /Game/StarterContent/Maps/Minimal_Default.Minimal_Default
